-------------------------------------------------------------------------------
Test set: fr.eseo.e3.poo.projet.blox.modele.pieces.tetrominos.TetrominoTest$TestConstructeurs
-------------------------------------------------------------------------------
Tests run: 9, Failures: 1, Errors: 2, Skipped: 0, Time elapsed: 0.016 s <<< FAILURE! -- in fr.eseo.e3.poo.projet.blox.modele.pieces.tetrominos.TetrominoTest$TestConstructeurs
fr.eseo.e3.poo.projet.blox.modele.pieces.tetrominos.OTetrominoTest.testInitAjoutInstance -- Time elapsed: 0.116 s <<< ERROR!
java.lang.IllegalArgumentException: Problème d'héritage avec les Tetrominos !
	at fr.eseo.e3.poo.projet.blox.modele.pieces.tetrominos.Tetromino.init(Tetromino.java:62)
	at fr.eseo.e3.poo.projet.blox.modele.pieces.tetrominos.TetrominoTest.testInitAjoutInstance(TetrominoTest.java:191)
	at java.base/java.lang.reflect.Method.invoke(Method.java:580)
	at java.base/java.util.ArrayList.forEach(ArrayList.java:1597)
	at java.base/java.util.ArrayList.forEach(ArrayList.java:1597)

fr.eseo.e3.poo.projet.blox.modele.pieces.tetrominos.OTetrominoTest.testDefGabarit -- Time elapsed: 0.004 s <<< FAILURE!
org.opentest4j.AssertionFailedError: Erreur de la méthode defGabarit() dans la classe Tetromino : gabarit non retourné ou non valide ! ==> expected: [[I@47e2e487<[[0, 0], [1, 0], [1, -1], [0, -1]]> but was: [[I@201a4587<[[0, 0], [1, 0], [1, -1], [0, -1]]>
	at fr.eseo.e3.poo.projet.blox.modele.pieces.tetrominos.TetrominoTest.testDefGabarit(TetrominoTest.java:207)
	at java.base/java.lang.reflect.Method.invoke(Method.java:580)
	at java.base/java.util.ArrayList.forEach(ArrayList.java:1597)
	at java.base/java.util.ArrayList.forEach(ArrayList.java:1597)

fr.eseo.e3.poo.projet.blox.modele.pieces.tetrominos.TetrominoTest$TestConstructeurs.testConstructeur -- Time elapsed: 0.005 s <<< ERROR!
java.lang.NullPointerException: Cannot read the array length because "this.elements" is null
	at fr.eseo.e3.poo.projet.blox.modele.pieces.tetrominos.Tetromino.toString(Tetromino.java:290)
	at java.base/java.lang.String.valueOf(String.java:4556)
	at java.base/java.lang.StringBuilder.append(StringBuilder.java:173)
	at java.base/java.util.AbstractCollection.toString(AbstractCollection.java:459)
	at java.base/java.lang.String.valueOf(String.java:4556)
	at org.apache.maven.surefire.api.report.ConsoleOutputCapture$ForwardingPrintStream.println(ConsoleOutputCapture.java:110)
	at fr.eseo.e3.poo.projet.blox.modele.pieces.tetrominos.Tetromino.register(Tetromino.java:129)
	at fr.eseo.e3.poo.projet.blox.modele.pieces.tetrominos.Tetromino.<init>(Tetromino.java:37)
	at fr.eseo.e3.poo.projet.blox.modele.pieces.tetrominos.OTetromino.<init>(OTetromino.java:12)
	at fr.eseo.e3.poo.projet.blox.modele.pieces.tetrominos.OTetrominoTest.instance(OTetrominoTest.java:18)
	at fr.eseo.e3.poo.projet.blox.modele.pieces.tetrominos.TetrominoTest$TestConstructeurs.testConstructeur(TetrominoTest.java:82)
	at java.base/java.lang.reflect.Method.invoke(Method.java:580)
	at java.base/java.util.ArrayList.forEach(ArrayList.java:1597)
	at java.base/java.util.ArrayList.forEach(ArrayList.java:1597)
	at java.base/java.util.ArrayList.forEach(ArrayList.java:1597)

