-------------------------------------------------------------------------------
Test set: fr.eseo.e3.poo.projet.blox.modele.pieces.tetrominos.TetrominoTest$testGenerer
-------------------------------------------------------------------------------
Tests run: 4, Failures: 3, Errors: 0, Skipped: 0, Time elapsed: 0.037 s <<< FAILURE! -- in fr.eseo.e3.poo.projet.blox.modele.pieces.tetrominos.TetrominoTest$testGenerer
fr.eseo.e3.poo.projet.blox.modele.pieces.tetrominos.TetrominoTest$testGenerer.testMauvaisNombreParametres -- Time elapsed: 0.004 s <<< FAILURE!
org.opentest4j.AssertionFailedError: Erreur de la méthode generer() dans la classe Tetromino : erreur non levée alors que le nombre d'arguments fournis à la méthode n'est pas le bon ! ==> Unexpected exception type thrown, expected: <java.lang.reflect.InvocationTargetException> but was: <java.lang.IllegalArgumentException>
	at org.junit.jupiter.api.AssertionFailureBuilder.build(AssertionFailureBuilder.java:151)
	at org.junit.jupiter.api.AssertThrows.assertThrows(AssertThrows.java:67)
	at org.junit.jupiter.api.AssertThrows.assertThrows(AssertThrows.java:39)
	at org.junit.jupiter.api.Assertions.assertThrows(Assertions.java:3153)
	at fr.eseo.e3.poo.projet.blox.modele.pieces.tetrominos.TetrominoTest$testGenerer.testMauvaisNombreParametres(TetrominoTest.java:329)
	at java.base/java.lang.reflect.Method.invoke(Method.java:580)
	at java.base/java.util.ArrayList.forEach(ArrayList.java:1597)
	at java.base/java.util.ArrayList.forEach(ArrayList.java:1597)
	at java.base/java.util.ArrayList.forEach(ArrayList.java:1597)
Caused by: java.lang.IllegalArgumentException: Mauvais nombres d'aguments !
	at fr.eseo.e3.poo.projet.blox.modele.pieces.tetrominos.Tetromino.generer(Tetromino.java:136)
	at fr.eseo.e3.poo.projet.blox.modele.pieces.tetrominos.TetrominoTest$testGenerer.lambda$3(TetrominoTest.java:1)
	at org.junit.jupiter.api.AssertThrows.assertThrows(AssertThrows.java:53)
	... 7 more

fr.eseo.e3.poo.projet.blox.modele.pieces.tetrominos.TetrominoTest$testGenerer.testMauvaisTypeCoordonne -- Time elapsed: 0.012 s <<< FAILURE!
org.opentest4j.AssertionFailedError: Erreur de la méthode generer() dans la classe Tetromino : erreur non levée alors que le type d'argument n'est pas le bon ==> Unexpected exception type thrown, expected: <java.lang.reflect.InvocationTargetException> but was: <java.lang.IllegalArgumentException>
	at org.junit.jupiter.api.AssertionFailureBuilder.build(AssertionFailureBuilder.java:151)
	at org.junit.jupiter.api.AssertThrows.assertThrows(AssertThrows.java:67)
	at org.junit.jupiter.api.AssertThrows.assertThrows(AssertThrows.java:39)
	at org.junit.jupiter.api.Assertions.assertThrows(Assertions.java:3153)
	at fr.eseo.e3.poo.projet.blox.modele.pieces.tetrominos.TetrominoTest$testGenerer.testMauvaisTypeCoordonne(TetrominoTest.java:346)
	at java.base/java.lang.reflect.Method.invoke(Method.java:580)
	at java.base/java.util.ArrayList.forEach(ArrayList.java:1597)
	at java.base/java.util.ArrayList.forEach(ArrayList.java:1597)
	at java.base/java.util.ArrayList.forEach(ArrayList.java:1597)
Caused by: java.lang.IllegalArgumentException: Mauvais types d'arguments !
	at fr.eseo.e3.poo.projet.blox.modele.pieces.tetrominos.Tetromino.generer(Tetromino.java:139)
	at fr.eseo.e3.poo.projet.blox.modele.pieces.tetrominos.TetrominoTest$testGenerer.lambda$1(TetrominoTest.java:348)
	at org.junit.jupiter.api.AssertThrows.assertThrows(AssertThrows.java:53)
	... 7 more

fr.eseo.e3.poo.projet.blox.modele.pieces.tetrominos.TetrominoTest$testGenerer.testMauvaisTypeCouleur -- Time elapsed: 0.005 s <<< FAILURE!
org.opentest4j.AssertionFailedError: Erreur de la méthode generer() dans la classe Tetromino : erreur non levée alors que le type d'argument n'est pas le bon ==> Unexpected exception type thrown, expected: <java.lang.reflect.InvocationTargetException> but was: <java.lang.IllegalArgumentException>
	at org.junit.jupiter.api.AssertionFailureBuilder.build(AssertionFailureBuilder.java:151)
	at org.junit.jupiter.api.AssertThrows.assertThrows(AssertThrows.java:67)
	at org.junit.jupiter.api.AssertThrows.assertThrows(AssertThrows.java:39)
	at org.junit.jupiter.api.Assertions.assertThrows(Assertions.java:3153)
	at fr.eseo.e3.poo.projet.blox.modele.pieces.tetrominos.TetrominoTest$testGenerer.testMauvaisTypeCouleur(TetrominoTest.java:363)
	at java.base/java.lang.reflect.Method.invoke(Method.java:580)
	at java.base/java.util.ArrayList.forEach(ArrayList.java:1597)
	at java.base/java.util.ArrayList.forEach(ArrayList.java:1597)
	at java.base/java.util.ArrayList.forEach(ArrayList.java:1597)
Caused by: java.lang.IllegalArgumentException: Mauvais types d'arguments !
	at fr.eseo.e3.poo.projet.blox.modele.pieces.tetrominos.Tetromino.generer(Tetromino.java:139)
	at fr.eseo.e3.poo.projet.blox.modele.pieces.tetrominos.TetrominoTest$testGenerer.lambda$2(TetrominoTest.java:365)
	at org.junit.jupiter.api.AssertThrows.assertThrows(AssertThrows.java:53)
	... 7 more

