-------------------------------------------------------------------------------
Test set: fr.eseo.e3.poo.projet.blox.modele.pieces.tetrominos.TetrominoTest$testRegister
-------------------------------------------------------------------------------
Tests run: 2, Failures: 0, Errors: 2, Skipped: 0, Time elapsed: 0.007 s <<< FAILURE! -- in fr.eseo.e3.poo.projet.blox.modele.pieces.tetrominos.TetrominoTest$testRegister
fr.eseo.e3.poo.projet.blox.modele.pieces.tetrominos.TetrominoTest$testRegister.testInstanceNonPresente -- Time elapsed: 0.001 s <<< ERROR!
java.lang.NullPointerException: Cannot read the array length because "this.elements" is null
	at fr.eseo.e3.poo.projet.blox.modele.pieces.tetrominos.Tetromino.toString(Tetromino.java:290)
	at java.base/java.lang.String.valueOf(String.java:4556)
	at java.base/java.lang.StringBuilder.append(StringBuilder.java:173)
	at java.base/java.util.AbstractCollection.toString(AbstractCollection.java:459)
	at java.base/java.lang.String.valueOf(String.java:4556)
	at org.apache.maven.surefire.api.report.ConsoleOutputCapture$ForwardingPrintStream.println(ConsoleOutputCapture.java:110)
	at fr.eseo.e3.poo.projet.blox.modele.pieces.tetrominos.Tetromino.register(Tetromino.java:129)
	at fr.eseo.e3.poo.projet.blox.modele.pieces.tetrominos.TetrominoTest$testRegister.testInstanceNonPresente(TetrominoTest.java:311)
	at java.base/java.lang.reflect.Method.invoke(Method.java:580)
	at java.base/java.util.ArrayList.forEach(ArrayList.java:1597)
	at java.base/java.util.ArrayList.forEach(ArrayList.java:1597)
	at java.base/java.util.ArrayList.forEach(ArrayList.java:1597)

fr.eseo.e3.poo.projet.blox.modele.pieces.tetrominos.TetrominoTest$testRegister.testInstancePresente -- Time elapsed: 0.001 s <<< ERROR!
java.lang.NullPointerException: Cannot read the array length because "this.elements" is null
	at fr.eseo.e3.poo.projet.blox.modele.pieces.tetrominos.Tetromino.toString(Tetromino.java:290)
	at java.base/java.lang.String.valueOf(String.java:4556)
	at java.base/java.lang.StringBuilder.append(StringBuilder.java:173)
	at java.base/java.util.AbstractCollection.toString(AbstractCollection.java:459)
	at java.base/java.lang.String.valueOf(String.java:4556)
	at org.apache.maven.surefire.api.report.ConsoleOutputCapture$ForwardingPrintStream.println(ConsoleOutputCapture.java:110)
	at fr.eseo.e3.poo.projet.blox.modele.pieces.tetrominos.Tetromino.register(Tetromino.java:129)
	at fr.eseo.e3.poo.projet.blox.modele.pieces.tetrominos.TetrominoTest$testRegister.testInstancePresente(TetrominoTest.java:296)
	at java.base/java.lang.reflect.Method.invoke(Method.java:580)
	at java.base/java.util.ArrayList.forEach(ArrayList.java:1597)
	at java.base/java.util.ArrayList.forEach(ArrayList.java:1597)
	at java.base/java.util.ArrayList.forEach(ArrayList.java:1597)

