<?xml version="1.0" encoding="UTF-8"?>
<testsuite xmlns:xsi="http://www.w3.org/2001/XMLSchema-instance" xsi:noNamespaceSchemaLocation="https://maven.apache.org/surefire/maven-surefire-plugin/xsd/surefire-test-report-3.0.xsd" version="3.0" name="fr.eseo.e3.poo.projet.blox.modele.pieces.tetrominos.TetrominoTest$testGenerer" time="0.037" tests="4" errors="0" skipped="0" failures="3">
  <properties>
[...]
</properties>
  <testcase name="testMauvaisNombreParametres" classname="fr.eseo.e3.poo.projet.blox.modele.pieces.tetrominos.TetrominoTest$testGenerer" time="0.004">
    <failure message="Erreur de la méthode generer() dans la classe Tetromino : erreur non levée alors que le nombre d&apos;arguments fournis à la méthode n&apos;est pas le bon ! ==&gt; Unexpected exception type thrown, expected: &lt;java.lang.reflect.InvocationTargetException&gt; but was: &lt;java.lang.IllegalArgumentException&gt;" type="org.opentest4j.AssertionFailedError"><![CDATA[org.opentest4j.AssertionFailedError: Erreur de la méthode generer() dans la classe Tetromino : erreur non levée alors que le nombre d'arguments fournis à la méthode n'est pas le bon ! ==> Unexpected exception type thrown, expected: <java.lang.reflect.InvocationTargetException> but was: <java.lang.IllegalArgumentException>
	at org.junit.jupiter.api.AssertionFailureBuilder.build(AssertionFailureBuilder.java:151)
	at org.junit.jupiter.api.AssertThrows.assertThrows(AssertThrows.java:67)
	at org.junit.jupiter.api.AssertThrows.assertThrows(AssertThrows.java:39)
	at org.junit.jupiter.api.Assertions.assertThrows(Assertions.java:3153)
	at fr.eseo.e3.poo.projet.blox.modele.pieces.tetrominos.TetrominoTest$testGenerer.testMauvaisNombreParametres(TetrominoTest.java:329)
	at java.base/java.lang.reflect.Method.invoke(Method.java:580)
	at java.base/java.util.ArrayList.forEach(ArrayList.java:1597)
	at java.base/java.util.ArrayList.forEach(ArrayList.java:1597)
	at java.base/java.util.ArrayList.forEach(ArrayList.java:1597)
Caused by: java.lang.IllegalArgumentException: Mauvais nombres d'aguments !
	at fr.eseo.e3.poo.projet.blox.modele.pieces.tetrominos.Tetromino.generer(Tetromino.java:136)
	at fr.eseo.e3.poo.projet.blox.modele.pieces.tetrominos.TetrominoTest$testGenerer.lambda$3(TetrominoTest.java:1)
	at org.junit.jupiter.api.AssertThrows.assertThrows(AssertThrows.java:53)
	... 7 more
]]></failure>
  </testcase>
  <testcase name="testMauvaisTypeCoordonne" classname="fr.eseo.e3.poo.projet.blox.modele.pieces.tetrominos.TetrominoTest$testGenerer" time="0.012">
    <failure message="Erreur de la méthode generer() dans la classe Tetromino : erreur non levée alors que le type d&apos;argument n&apos;est pas le bon ==&gt; Unexpected exception type thrown, expected: &lt;java.lang.reflect.InvocationTargetException&gt; but was: &lt;java.lang.IllegalArgumentException&gt;" type="org.opentest4j.AssertionFailedError"><![CDATA[org.opentest4j.AssertionFailedError: Erreur de la méthode generer() dans la classe Tetromino : erreur non levée alors que le type d'argument n'est pas le bon ==> Unexpected exception type thrown, expected: <java.lang.reflect.InvocationTargetException> but was: <java.lang.IllegalArgumentException>
	at org.junit.jupiter.api.AssertionFailureBuilder.build(AssertionFailureBuilder.java:151)
	at org.junit.jupiter.api.AssertThrows.assertThrows(AssertThrows.java:67)
	at org.junit.jupiter.api.AssertThrows.assertThrows(AssertThrows.java:39)
	at org.junit.jupiter.api.Assertions.assertThrows(Assertions.java:3153)
	at fr.eseo.e3.poo.projet.blox.modele.pieces.tetrominos.TetrominoTest$testGenerer.testMauvaisTypeCoordonne(TetrominoTest.java:346)
	at java.base/java.lang.reflect.Method.invoke(Method.java:580)
	at java.base/java.util.ArrayList.forEach(ArrayList.java:1597)
	at java.base/java.util.ArrayList.forEach(ArrayList.java:1597)
	at java.base/java.util.ArrayList.forEach(ArrayList.java:1597)
Caused by: java.lang.IllegalArgumentException: Mauvais types d'arguments !
	at fr.eseo.e3.poo.projet.blox.modele.pieces.tetrominos.Tetromino.generer(Tetromino.java:139)
	at fr.eseo.e3.poo.projet.blox.modele.pieces.tetrominos.TetrominoTest$testGenerer.lambda$1(TetrominoTest.java:348)
	at org.junit.jupiter.api.AssertThrows.assertThrows(AssertThrows.java:53)
	... 7 more
]]></failure>
  </testcase>
  <testcase name="testMauvaisTypeCouleur" classname="fr.eseo.e3.poo.projet.blox.modele.pieces.tetrominos.TetrominoTest$testGenerer" time="0.005">
    <failure message="Erreur de la méthode generer() dans la classe Tetromino : erreur non levée alors que le type d&apos;argument n&apos;est pas le bon ==&gt; Unexpected exception type thrown, expected: &lt;java.lang.reflect.InvocationTargetException&gt; but was: &lt;java.lang.IllegalArgumentException&gt;" type="org.opentest4j.AssertionFailedError"><![CDATA[org.opentest4j.AssertionFailedError: Erreur de la méthode generer() dans la classe Tetromino : erreur non levée alors que le type d'argument n'est pas le bon ==> Unexpected exception type thrown, expected: <java.lang.reflect.InvocationTargetException> but was: <java.lang.IllegalArgumentException>
	at org.junit.jupiter.api.AssertionFailureBuilder.build(AssertionFailureBuilder.java:151)
	at org.junit.jupiter.api.AssertThrows.assertThrows(AssertThrows.java:67)
	at org.junit.jupiter.api.AssertThrows.assertThrows(AssertThrows.java:39)
	at org.junit.jupiter.api.Assertions.assertThrows(Assertions.java:3153)
	at fr.eseo.e3.poo.projet.blox.modele.pieces.tetrominos.TetrominoTest$testGenerer.testMauvaisTypeCouleur(TetrominoTest.java:363)
	at java.base/java.lang.reflect.Method.invoke(Method.java:580)
	at java.base/java.util.ArrayList.forEach(ArrayList.java:1597)
	at java.base/java.util.ArrayList.forEach(ArrayList.java:1597)
	at java.base/java.util.ArrayList.forEach(ArrayList.java:1597)
Caused by: java.lang.IllegalArgumentException: Mauvais types d'arguments !
	at fr.eseo.e3.poo.projet.blox.modele.pieces.tetrominos.Tetromino.generer(Tetromino.java:139)
	at fr.eseo.e3.poo.projet.blox.modele.pieces.tetrominos.TetrominoTest$testGenerer.lambda$2(TetrominoTest.java:365)
	at org.junit.jupiter.api.AssertThrows.assertThrows(AssertThrows.java:53)
	... 7 more
]]></failure>
  </testcase>
  <testcase name="testValide" classname="fr.eseo.e3.poo.projet.blox.modele.pieces.tetrominos.TetrominoTest$testGenerer" time="0.006"/>
</testsuite>