<?xml version="1.0" encoding="UTF-8"?>
<testsuite xmlns:xsi="http://www.w3.org/2001/XMLSchema-instance" xsi:noNamespaceSchemaLocation="https://maven.apache.org/surefire/maven-surefire-plugin/xsd/surefire-test-report-3.0.xsd" version="3.0" name="fr.eseo.e3.poo.projet.blox.modele.pieces.ElementTest" time="4.71" tests="5970" errors="0" skipped="0" failures="0">
  <properties>
[...]
</properties>
  <testcase name="testEqualSymmetrie" classname="fr.eseo.e3.poo.projet.blox.modele.pieces.ElementTest" time="0.044"/>
  <testcase name="testEqualNullite" classname="fr.eseo.e3.poo.projet.blox.modele.pieces.ElementTest" time="0.004"/>
  <testcase name="testHashCodeInegalite(Element, Element)[1]" classname="fr.eseo.e3.poo.projet.blox.modele.pieces.ElementTest" time="0.019"/>
  <testcase name="testHashCodeInegalite(Element, Element)[2]" classname="fr.eseo.e3.poo.projet.blox.modele.pieces.ElementTest" time="0.003"/>
  <testcase name="testHashCodeInegalite(Element, Element)[3]" classname="fr.eseo.e3.poo.projet.blox.modele.pieces.ElementTest" time="0.004"/>
  <testcase name="testHashCodeInegalite(Element, Element)[4]" classname="fr.eseo.e3.poo.projet.blox.modele.pieces.ElementTest" time="0.007"/>
  <testcase name="testHashCodeInegalite(Element, Element)[5]" classname="fr.eseo.e3.poo.projet.blox.modele.pieces.ElementTest" time="0.001"/>
  <testcase name="testHashCodeInegalite(Element, Element)[6]" classname="fr.eseo.e3.poo.projet.blox.modele.pieces.ElementTest" time="0.004"/>
  <testcase name="testHashCodeInegalite(Element, Element)[7]" classname="fr.eseo.e3.poo.projet.blox.modele.pieces.ElementTest" time="0.008"/>
  <testcase name="testHashCodeInegalite(Element, Element)[8]" classname="fr.eseo.e3.poo.projet.blox.modele.pieces.ElementTest" time="0.003"/>
  <testcase name="testHashCodeInegalite(Element, Element)[9]" classname="fr.eseo.e3.poo.projet.blox.modele.pieces.ElementTest" time="0.004"/>
  <testcase name="testHashCodeInegalite(Element, Element)[10]" classname="fr.eseo.e3.poo.projet.blox.modele.pieces.ElementTest" time="0.006"/>
  <testcase name="testHashCodeInegalite(Element, Element)[11]" classname="fr.eseo.e3.poo.projet.blox.modele.pieces.ElementTest" time="0.006"/>
  <testcase name="testHashCodeInegalite(Element, Element)[12]" classname="fr.eseo.e3.poo.projet.blox.modele.pieces.ElementTest" time="0.006"/>
  <testcase name="testHashCodeInegalite(Element, Element)[13]" classname="fr.eseo.e3.poo.projet.blox.modele.pieces.ElementTest" time="0.004"/>
  <testcase name="testHashCodeInegalite(Element, Element)[14]" classname="fr.eseo.e3.poo.projet.blox.modele.pieces.ElementTest" time="0.002"/>
  <testcase name="testHashCodeInegalite(Element, Element)[15]" classname="fr.eseo.e3.poo.projet.blox.modele.pieces.ElementTest" time="0.003"/>
  <testcase name="testHashCodeInegalite(Element, Element)[16]" classname="fr.eseo.e3.poo.projet.blox.modele.pieces.ElementTest" time="0.002"/>
  <testcase name="testHashCodeInegalite(Element, Element)[17]" classname="fr.eseo.e3.poo.projet.blox.modele.pieces.ElementTest" time="0.002"/>
  <testcase name="testHashCodeInegalite(Element, Element)[18]" classname="fr.eseo.e3.poo.projet.blox.modele.pieces.ElementTest" time="0.002"/>
  <testcase name="testHashCodeInegalite(Element, Element)[19]" classname="fr.eseo.e3.poo.projet.blox.modele.pieces.ElementTest" time="0.007"/>
  <testcase name="testHashCodeInegalite(Element, Element)[20]" classname="fr.eseo.e3.poo.projet.blox.modele.pieces.ElementTest" time="0.003"/>
  <testcase name="testHashCodeInegalite(Element, Element)[21]" classname="fr.eseo.e3.poo.projet.blox.modele.pieces.ElementTest" time="0.005"/>
  <testcase name="testHashCodeInegalite(Element, Element)[22]" classname="fr.eseo.e3.poo.projet.blox.modele.pieces.ElementTest" time="0.002"/>
  <testcase name="testHashCodeInegalite(Element, Element)[23]" classname="fr.eseo.e3.poo.projet.blox.modele.pieces.ElementTest" time="0.001"/>
  <testcase name="testHashCodeInegalite(Element, Element)[24]" classname="fr.eseo.e3.poo.projet.blox.modele.pieces.ElementTest" time="0.002"/>
  <testcase name="testHashCodeInegalite(Element, Element)[25]" classname="fr.eseo.e3.poo.projet.blox.modele.pieces.ElementTest" time="0.001"/>
  <testcase name="testHashCodeInegalite(Element, Element)[26]" classname="fr.eseo.e3.poo.projet.blox.modele.pieces.ElementTest" time="0.004"/>
  <testcase name="testHashCodeInegalite(Element, Element)[27]" classname="fr.eseo.e3.poo.projet.blox.modele.pieces.ElementTest" time="0.002"/>
  <testcase name="testHashCodeInegalite(Element, Element)[28]" classname="fr.eseo.e3.poo.projet.blox.modele.pieces.ElementTest" time="0.003"/>
  <testcase name="testHashCodeInegalite(Element, Element)[29]" classname="fr.eseo.e3.poo.projet.blox.modele.pieces.ElementTest" time="0.002"/>
  <testcase name="testHashCodeInegalite(Element, Element)[30]" classname="fr.eseo.e3.poo.projet.blox.modele.pieces.ElementTest" time="0.001"/>
  <testcase name="testHashCodeInegalite(Element, Element)[31]" classname="fr.eseo.e3.poo.projet.blox.modele.pieces.ElementTest" time="0.002"/>
  <testcase name="testHashCodeInegalite(Element, Element)[32]" classname="fr.eseo.e3.poo.projet.blox.modele.pieces.ElementTest" time="0.002"/>
  <testcase name="testHashCodeInegalite(Element, Element)[33]" classname="fr.eseo.e3.poo.projet.blox.modele.pieces.ElementTest" time="0.001"/>
  <testcase name="testHashCodeInegalite(Element, Element)[34]" classname="fr.eseo.e3.poo.projet.blox.modele.pieces.ElementTest" time="0.001"/>
  <testcase name="testHashCodeInegalite(Element, Element)[35]" classname="fr.eseo.e3.poo.projet.blox.modele.pieces.ElementTest" time="0.005"/>
  <testcase name="testHashCodeInegalite(Element, Element)[36]" classname="fr.eseo.e3.poo.projet.blox.modele.pieces.ElementTest" time="0.001"/>
  <testcase name="testHashCodeInegalite(Element, Element)[37]" classname="fr.eseo.e3.poo.projet.blox.modele.pieces.ElementTest" time="0.003"/>
  <testcase name="testHashCodeInegalite(Element, Element)[38]" classname="fr.eseo.e3.poo.projet.blox.modele.pieces.ElementTest" time="0.001"/>
  <testcase name="testHashCodeInegalite(Element, Element)[39]" classname="fr.eseo.e3.poo.projet.blox.modele.pieces.ElementTest" time="0.001"/>
  <testcase name="testHashCodeInegalite(Element, Element)[40]" classname="fr.eseo.e3.poo.projet.blox.modele.pieces.ElementTest" time="0.002"/>
  <testcase name="testHashCodeInegalite(Element, Element)[41]" classname="fr.eseo.e3.poo.projet.blox.modele.pieces.ElementTest" time="0.002"/>
  <testcase name="testHashCodeInegalite(Element, Element)[42]" classname="fr.eseo.e3.poo.projet.blox.modele.pieces.ElementTest" time="0.001"/>
  <testcase name="testHashCodeInegalite(Element, Element)[43]" classname="fr.eseo.e3.poo.projet.blox.modele.pieces.ElementTest" time="0.002"/>
  <testcase name="testHashCodeInegalite(Element, Element)[44]" classname="fr.eseo.e3.poo.projet.blox.modele.pieces.ElementTest" time="0.001"/>
  <testcase name="testHashCodeInegalite(Element, Element)[45]" classname="fr.eseo.e3.poo.projet.blox.modele.pieces.ElementTest" time="0.002"/>
  <testcase name="testHashCodeInegalite(Element, Element)[46]" classname="fr.eseo.e3.poo.projet.blox.modele.pieces.ElementTest" time="0.002"/>
  <testcase name="testHashCodeInegalite(Element, Element)[47]" classname="fr.eseo.e3.poo.projet.blox.modele.pieces.ElementTest" time="0.001"/>
  <testcase name="testHashCodeInegalite(Element, Element)[48]" classname="fr.eseo.e3.poo.projet.blox.modele.pieces.ElementTest" time="0.001"/>
  <testcase name="testHashCodeInegalite(Element, Element)[49]" classname="fr.eseo.e3.poo.projet.blox.modele.pieces.ElementTest" time="0.001"/>
  <testcase name="testHashCodeInegalite(Element, Element)[50]" classname="fr.eseo.e3.poo.projet.blox.modele.pieces.ElementTest" time="0.002"/>
  <testcase name="testHashCodeInegalite(Element, Element)[51]" classname="fr.eseo.e3.poo.projet.blox.modele.pieces.ElementTest" time="0.001"/>
  <testcase name="testHashCodeInegalite(Element, Element)[52]" classname="fr.eseo.e3.poo.projet.blox.modele.pieces.ElementTest" time="0.001"/>
  <testcase name="testHashCodeInegalite(Element, Element)[53]" classname="fr.eseo.e3.poo.projet.blox.modele.pieces.ElementTest" time="0.002"/>
  <testcase name="testHashCodeInegalite(Element, Element)[54]" classname="fr.eseo.e3.poo.projet.blox.modele.pieces.ElementTest" time="0.001"/>
  <testcase name="testHashCodeInegalite(Element, Element)[55]" classname="fr.eseo.e3.poo.projet.blox.modele.pieces.ElementTest" time="0.001"/>
  <testcase name="testHashCodeInegalite(Element, Element)[56]" classname="fr.eseo.e3.poo.projet.blox.modele.pieces.ElementTest" time="0.002"/>
  <testcase name="testHashCodeInegalite(Element, Element)[57]" classname="fr.eseo.e3.poo.projet.blox.modele.pieces.ElementTest" time="0.008"/>
  <testcase name="testHashCodeInegalite(Element, Element)[58]" classname="fr.eseo.e3.poo.projet.blox.modele.pieces.ElementTest" time="0.008"/>
  <testcase name="testHashCodeInegalite(Element, Element)[59]" classname="fr.eseo.e3.poo.projet.blox.modele.pieces.ElementTest" time="0.002"/>
  <testcase name="testHashCodeInegalite(Element, Element)[60]" classname="fr.eseo.e3.poo.projet.blox.modele.pieces.ElementTest" time="0.002"/>
  <testcase name="testHashCodeInegalite(Element, Element)[61]" classname="fr.eseo.e3.poo.projet.blox.modele.pieces.ElementTest" time="0.001"/>
  <testcase name="testHashCodeInegalite(Element, Element)[62]" classname="fr.eseo.e3.poo.projet.blox.modele.pieces.ElementTest" time="0.005"/>
  <testcase name="testHashCodeInegalite(Element, Element)[63]" classname="fr.eseo.e3.poo.projet.blox.modele.pieces.ElementTest" time="0.004"/>
  <testcase name="testHashCodeInegalite(Element, Element)[64]" classname="fr.eseo.e3.poo.projet.blox.modele.pieces.ElementTest" time="0.001"/>
  <testcase name="testHashCodeInegalite(Element, Element)[65]" classname="fr.eseo.e3.poo.projet.blox.modele.pieces.ElementTest" time="0.002"/>
  <testcase name="testHashCodeInegalite(Element, Element)[66]" classname="fr.eseo.e3.poo.projet.blox.modele.pieces.ElementTest" time="0.001"/>
  <testcase name="testHashCodeInegalite(Element, Element)[67]" classname="fr.eseo.e3.poo.projet.blox.modele.pieces.ElementTest" time="0.001"/>
  <testcase name="testHashCodeInegalite(Element, Element)[68]" classname="fr.eseo.e3.poo.projet.blox.modele.pieces.ElementTest" time="0.002"/>
  <testcase name="testHashCodeInegalite(Element, Element)[69]" classname="fr.eseo.e3.poo.projet.blox.modele.pieces.ElementTest" time="0.001"/>
  <testcase name="testHashCodeInegalite(Element, Element)[70]" classname="fr.eseo.e3.poo.projet.blox.modele.pieces.ElementTest" time="0.001"/>
  <testcase name="testHashCodeInegalite(Element, Element)[71]" classname="fr.eseo.e3.poo.projet.blox.modele.pieces.ElementTest" time="0.001"/>
  <testcase name="testHashCodeInegalite(Element, Element)[72]" classname="fr.eseo.e3.poo.projet.blox.modele.pieces.ElementTest" time="0.003"/>
  <testcase name="testHashCodeInegalite(Element, Element)[73]" classname="fr.eseo.e3.poo.projet.blox.modele.pieces.ElementTest" time="0.001"/>
  <testcase name="testHashCodeInegalite(Element, Element)[74]" classname="fr.eseo.e3.poo.projet.blox.modele.pieces.ElementTest" time="0.002"/>
  <testcase name="testHashCodeInegalite(Element, Element)[75]" classname="fr.eseo.e3.poo.projet.blox.modele.pieces.ElementTest" time="0.001"/>
  <testcase name="testHashCodeInegalite(Element, Element)[76]" classname="fr.eseo.e3.poo.projet.blox.modele.pieces.ElementTest" time="0.001"/>
  <testcase name="testHashCodeInegalite(Element, Element)[77]" classname="fr.eseo.e3.poo.projet.blox.modele.pieces.ElementTest" time="0.002"/>
  <testcase name="testHashCodeInegalite(Element, Element)[78]" classname="fr.eseo.e3.poo.projet.blox.modele.pieces.ElementTest" time="0.001"/>
  <testcase name="testHashCodeInegalite(Element, Element)[79]" classname="fr.eseo.e3.poo.projet.blox.modele.pieces.ElementTest" time="0.001"/>
  <testcase name="testHashCodeInegalite(Element, Element)[80]" classname="fr.eseo.e3.poo.projet.blox.modele.pieces.ElementTest" time="0.002"/>
  <testcase name="testHashCodeInegalite(Element, Element)[81]" classname="fr.eseo.e3.poo.projet.blox.modele.pieces.ElementTest" time="0.001"/>
  <testcase name="testHashCodeInegalite(Element, Element)[82]" classname="fr.eseo.e3.poo.projet.blox.modele.pieces.ElementTest" time="0.001"/>
  <testcase name="testHashCodeInegalite(Element, Element)[83]" classname="fr.eseo.e3.poo.projet.blox.modele.pieces.ElementTest" time="0.003"/>
  <testcase name="testHashCodeInegalite(Element, Element)[84]" classname="fr.eseo.e3.poo.projet.blox.modele.pieces.ElementTest" time="0.001"/>
  <testcase name="testHashCodeInegalite(Element, Element)[85]" classname="fr.eseo.e3.poo.projet.blox.modele.pieces.ElementTest" time="0.002"/>
  <testcase name="testHashCodeInegalite(Element, Element)[86]" classname="fr.eseo.e3.poo.projet.blox.modele.pieces.ElementTest" time="0.001"/>
  <testcase name="testHashCodeInegalite(Element, Element)[87]" classname="fr.eseo.e3.poo.projet.blox.modele.pieces.ElementTest" time="0.001"/>
  <testcase name="testHashCodeInegalite(Element, Element)[88]" classname="fr.eseo.e3.poo.projet.blox.modele.pieces.ElementTest" time="0.001"/>
  <testcase name="testHashCodeInegalite(Element, Element)[89]" classname="fr.eseo.e3.poo.projet.blox.modele.pieces.ElementTest" time="0.003"/>
  <testcase name="testHashCodeInegalite(Element, Element)[90]" classname="fr.eseo.e3.poo.projet.blox.modele.pieces.ElementTest" time="0.001"/>
  <testcase name="testHashCodeInegalite(Element, Element)[91]" classname="fr.eseo.e3.poo.projet.blox.modele.pieces.ElementTest" time="0.001"/>
  <testcase name="testHashCodeInegalite(Element, Element)[92]" classname="fr.eseo.e3.poo.projet.blox.modele.pieces.ElementTest" time="0.001"/>
  <testcase name="testHashCodeInegalite(Element, Element)[93]" classname="fr.eseo.e3.poo.projet.blox.modele.pieces.ElementTest" time="0.001"/>
  <testcase name="testHashCodeInegalite(Element, Element)[94]" classname="fr.eseo.e3.poo.projet.blox.modele.pieces.ElementTest" time="0.001"/>
  <testcase name="testHashCodeInegalite(Element, Element)[95]" classname="fr.eseo.e3.poo.projet.blox.modele.pieces.ElementTest" time="0.001"/>
  <testcase name="testHashCodeInegalite(Element, Element)[96]" classname="fr.eseo.e3.poo.projet.blox.modele.pieces.ElementTest" time="0.001"/>
  <testcase name="testHashCodeInegalite(Element, Element)[97]" classname="fr.eseo.e3.poo.projet.blox.modele.pieces.ElementTest" time="0.001"/>
  <testcase name="testHashCodeInegalite(Element, Element)[98]" classname="fr.eseo.e3.poo.projet.blox.modele.pieces.ElementTest" time="0.001"/>
  <testcase name="testHashCodeInegalite(Element, Element)[99]" classname="fr.eseo.e3.poo.projet.blox.modele.pieces.ElementTest" time="0.001"/>
  <testcase name="testHashCodeInegalite(Element, Element)[100]" classname="fr.eseo.e3.poo.projet.blox.modele.pieces.ElementTest" time="0.001"/>
  <testcase name="testHashCodeInegalite(Element, Element)[101]" classname="fr.eseo.e3.poo.projet.blox.modele.pieces.ElementTest" time="0.001"/>
  <testcase name="testHashCodeInegalite(Element, Element)[102]" classname="fr.eseo.e3.poo.projet.blox.modele.pieces.ElementTest" time="0.003"/>
  <testcase name="testHashCodeInegalite(Element, Element)[103]" classname="fr.eseo.e3.poo.projet.blox.modele.pieces.ElementTest" time="0.001"/>
  <testcase name="testHashCodeInegalite(Element, Element)[104]" classname="fr.eseo.e3.poo.projet.blox.modele.pieces.ElementTest" time="0.0"/>
  <testcase name="testHashCodeInegalite(Element, Element)[105]" classname="fr.eseo.e3.poo.projet.blox.modele.pieces.ElementTest" time="0.0"/>
  <testcase name="testHashCodeInegalite(Element, Element)[106]" classname="fr.eseo.e3.poo.projet.blox.modele.pieces.ElementTest" time="0.001"/>
  <testcase name="testHashCodeInegalite(Element, Element)[107]" classname="fr.eseo.e3.poo.projet.blox.modele.pieces.ElementTest" time="0.001"/>
  <testcase name="testHashCodeInegalite(Element, Element)[108]" classname="fr.eseo.e3.poo.projet.blox.modele.pieces.ElementTest" time="0.001"/>
  <testcase name="testHashCodeInegalite(Element, Element)[109]" classname="fr.eseo.e3.poo.projet.blox.modele.pieces.ElementTest" time="0.001"/>
  <testcase name="testHashCodeInegalite(Element, Element)[110]" classname="fr.eseo.e3.poo.projet.blox.modele.pieces.ElementTest" time="0.001"/>
  <testcase name="testHashCodeInegalite(Element, Element)[111]" classname="fr.eseo.e3.poo.projet.blox.modele.pieces.ElementTest" time="0.001"/>
  <testcase name="testHashCodeInegalite(Element, Element)[112]" classname="fr.eseo.e3.poo.projet.blox.modele.pieces.ElementTest" time="0.001"/>
  <testcase name="testHashCodeInegalite(Element, Element)[113]" classname="fr.eseo.e3.poo.projet.blox.modele.pieces.ElementTest" time="0.001"/>
  <testcase name="testHashCodeInegalite(Element, Element)[114]" classname="fr.eseo.e3.poo.projet.blox.modele.pieces.ElementTest" time="0.001"/>
  <testcase name="testHashCodeInegalite(Element, Element)[115]" classname="fr.eseo.e3.poo.projet.blox.modele.pieces.ElementTest" time="0.001"/>
  <testcase name="testHashCodeInegalite(Element, Element)[116]" classname="fr.eseo.e3.poo.projet.blox.modele.pieces.ElementTest" time="0.001"/>
  <testcase name="testHashCodeInegalite(Element, Element)[117]" classname="fr.eseo.e3.poo.projet.blox.modele.pieces.ElementTest" time="0.01"/>
  <testcase name="testHashCodeInegalite(Element, Element)[118]" classname="fr.eseo.e3.poo.projet.blox.modele.pieces.ElementTest" time="0.002"/>
  <testcase name="testHashCodeInegalite(Element, Element)[119]" classname="fr.eseo.e3.poo.projet.blox.modele.pieces.ElementTest" time="0.001"/>
  <testcase name="testHashCodeInegalite(Element, Element)[120]" classname="fr.eseo.e3.poo.projet.blox.modele.pieces.ElementTest" time="0.001"/>
  <testcase name="testHashCodeInegalite(Element, Element)[121]" classname="fr.eseo.e3.poo.projet.blox.modele.pieces.ElementTest" time="0.001"/>
  <testcase name="testHashCodeInegalite(Element, Element)[122]" classname="fr.eseo.e3.poo.projet.blox.modele.pieces.ElementTest" time="0.001"/>
  <testcase name="testHashCodeInegalite(Element, Element)[123]" classname="fr.eseo.e3.poo.projet.blox.modele.pieces.ElementTest" time="0.002"/>
  <testcase name="testHashCodeInegalite(Element, Element)[124]" classname="fr.eseo.e3.poo.projet.blox.modele.pieces.ElementTest" time="0.001"/>
  <testcase name="testHashCodeInegalite(Element, Element)[125]" classname="fr.eseo.e3.poo.projet.blox.modele.pieces.ElementTest" time="0.001"/>
  <testcase name="testHashCodeInegalite(Element, Element)[126]" classname="fr.eseo.e3.poo.projet.blox.modele.pieces.ElementTest" time="0.001"/>
  <testcase name="testHashCodeInegalite(Element, Element)[127]" classname="fr.eseo.e3.poo.projet.blox.modele.pieces.ElementTest" time="0.001"/>
  <testcase name="testHashCodeInegalite(Element, Element)[128]" classname="fr.eseo.e3.poo.projet.blox.modele.pieces.ElementTest" time="0.002"/>
  <testcase name="testHashCodeInegalite(Element, Element)[129]" classname="fr.eseo.e3.poo.projet.blox.modele.pieces.ElementTest" time="0.002"/>
  <testcase name="testHashCodeInegalite(Element, Element)[130]" classname="fr.eseo.e3.poo.projet.blox.modele.pieces.ElementTest" time="0.0"/>
  <testcase name="testHashCodeInegalite(Element, Element)[131]" classname="fr.eseo.e3.poo.projet.blox.modele.pieces.ElementTest" time="0.001"/>
  <testcase name="testHashCodeInegalite(Element, Element)[132]" classname="fr.eseo.e3.poo.projet.blox.modele.pieces.ElementTest" time="0.0"/>
  <testcase name="testHashCodeInegalite(Element, Element)[133]" classname="fr.eseo.e3.poo.projet.blox.modele.pieces.ElementTest" time="0.001"/>
  <testcase name="testHashCodeInegalite(Element, Element)[134]" classname="fr.eseo.e3.poo.projet.blox.modele.pieces.ElementTest" time="0.001"/>
  <testcase name="testHashCodeInegalite(Element, Element)[135]" classname="fr.eseo.e3.poo.projet.blox.modele.pieces.ElementTest" time="0.001"/>
  <testcase name="testHashCodeInegalite(Element, Element)[136]" classname="fr.eseo.e3.poo.projet.blox.modele.pieces.ElementTest" time="0.002"/>
  <testcase name="testHashCodeInegalite(Element, Element)[137]" classname="fr.eseo.e3.poo.projet.blox.modele.pieces.ElementTest" time="0.001"/>
  <testcase name="testHashCodeInegalite(Element, Element)[138]" classname="fr.eseo.e3.poo.projet.blox.modele.pieces.ElementTest" time="0.001"/>
  <testcase name="testHashCodeInegalite(Element, Element)[139]" classname="fr.eseo.e3.poo.projet.blox.modele.pieces.ElementTest" time="0.001"/>
  <testcase name="testHashCodeInegalite(Element, Element)[140]" classname="fr.eseo.e3.poo.projet.blox.modele.pieces.ElementTest" time="0.003"/>
  <testcase name="testHashCodeInegalite(Element, Element)[141]" classname="fr.eseo.e3.poo.projet.blox.modele.pieces.ElementTest" time="0.002"/>
  <testcase name="testHashCodeInegalite(Element, Element)[142]" classname="fr.eseo.e3.poo.projet.blox.modele.pieces.ElementTest" time="0.001"/>
  <testcase name="testHashCodeInegalite(Element, Element)[143]" classname="fr.eseo.e3.poo.projet.blox.modele.pieces.ElementTest" time="0.001"/>
  <testcase name="testHashCodeInegalite(Element, Element)[144]" classname="fr.eseo.e3.poo.projet.blox.modele.pieces.ElementTest" time="0.002"/>
  <testcase name="testHashCodeInegalite(Element, Element)[145]" classname="fr.eseo.e3.poo.projet.blox.modele.pieces.ElementTest" time="0.001"/>
  <testcase name="testHashCodeInegalite(Element, Element)[146]" classname="fr.eseo.e3.poo.projet.blox.modele.pieces.ElementTest" time="0.0"/>
  <testcase name="testHashCodeInegalite(Element, Element)[147]" classname="fr.eseo.e3.poo.projet.blox.modele.pieces.ElementTest" time="0.001"/>
  <testcase name="testHashCodeInegalite(Element, Element)[148]" classname="fr.eseo.e3.poo.projet.blox.modele.pieces.ElementTest" time="0.001"/>
  <testcase name="testHashCodeInegalite(Element, Element)[149]" classname="fr.eseo.e3.poo.projet.blox.modele.pieces.ElementTest" time="0.001"/>
  <testcase name="testHashCodeInegalite(Element, Element)[150]" classname="fr.eseo.e3.poo.projet.blox.modele.pieces.ElementTest" time="0.001"/>
  <testcase name="testHashCodeInegalite(Element, Element)[151]" classname="fr.eseo.e3.poo.projet.blox.modele.pieces.ElementTest" time="0.0"/>
  <testcase name="testHashCodeInegalite(Element, Element)[152]" classname="fr.eseo.e3.poo.projet.blox.modele.pieces.ElementTest" time="0.002"/>
  <testcase name="testHashCodeInegalite(Element, Element)[153]" classname="fr.eseo.e3.poo.projet.blox.modele.pieces.ElementTest" time="0.001"/>
  <testcase name="testHashCodeInegalite(Element, Element)[154]" classname="fr.eseo.e3.poo.projet.blox.modele.pieces.ElementTest" time="0.001"/>
  <testcase name="testHashCodeInegalite(Element, Element)[155]" classname="fr.eseo.e3.poo.projet.blox.modele.pieces.ElementTest" time="0.001"/>
  <testcase name="testHashCodeInegalite(Element, Element)[156]" classname="fr.eseo.e3.poo.projet.blox.modele.pieces.ElementTest" time="0.001"/>
  <testcase name="testHashCodeInegalite(Element, Element)[157]" classname="fr.eseo.e3.poo.projet.blox.modele.pieces.ElementTest" time="0.001"/>
  <testcase name="testHashCodeInegalite(Element, Element)[158]" classname="fr.eseo.e3.poo.projet.blox.modele.pieces.ElementTest" time="0.001"/>
  <testcase name="testHashCodeInegalite(Element, Element)[159]" classname="fr.eseo.e3.poo.projet.blox.modele.pieces.ElementTest" time="0.002"/>
  <testcase name="testHashCodeInegalite(Element, Element)[160]" classname="fr.eseo.e3.poo.projet.blox.modele.pieces.ElementTest" time="0.001"/>
  <testcase name="testHashCodeInegalite(Element, Element)[161]" classname="fr.eseo.e3.poo.projet.blox.modele.pieces.ElementTest" time="0.001"/>
  <testcase name="testHashCodeInegalite(Element, Element)[162]" classname="fr.eseo.e3.poo.projet.blox.modele.pieces.ElementTest" time="0.001"/>
  <testcase name="testHashCodeInegalite(Element, Element)[163]" classname="fr.eseo.e3.poo.projet.blox.modele.pieces.ElementTest" time="0.001"/>
  <testcase name="testHashCodeInegalite(Element, Element)[164]" classname="fr.eseo.e3.poo.projet.blox.modele.pieces.ElementTest" time="0.001"/>
  <testcase name="testHashCodeInegalite(Element, Element)[165]" classname="fr.eseo.e3.poo.projet.blox.modele.pieces.ElementTest" time="0.001"/>
  <testcase name="testHashCodeInegalite(Element, Element)[166]" classname="fr.eseo.e3.poo.projet.blox.modele.pieces.ElementTest" time="0.001"/>
  <testcase name="testHashCodeInegalite(Element, Element)[167]" classname="fr.eseo.e3.poo.projet.blox.modele.pieces.ElementTest" time="0.001"/>
  <testcase name="testHashCodeInegalite(Element, Element)[168]" classname="fr.eseo.e3.poo.projet.blox.modele.pieces.ElementTest" time="0.0"/>
  <testcase name="testHashCodeInegalite(Element, Element)[169]" classname="fr.eseo.e3.poo.projet.blox.modele.pieces.ElementTest" time="0.001"/>
  <testcase name="testHashCodeInegalite(Element, Element)[170]" classname="fr.eseo.e3.poo.projet.blox.modele.pieces.ElementTest" time="0.001"/>
  <testcase name="testHashCodeInegalite(Element, Element)[171]" classname="fr.eseo.e3.poo.projet.blox.modele.pieces.ElementTest" time="0.001"/>
  <testcase name="testHashCodeInegalite(Element, Element)[172]" classname="fr.eseo.e3.poo.projet.blox.modele.pieces.ElementTest" time="0.001"/>
  <testcase name="testHashCodeInegalite(Element, Element)[173]" classname="fr.eseo.e3.poo.projet.blox.modele.pieces.ElementTest" time="0.0"/>
  <testcase name="testHashCodeInegalite(Element, Element)[174]" classname="fr.eseo.e3.poo.projet.blox.modele.pieces.ElementTest" time="0.002"/>
  <testcase name="testHashCodeInegalite(Element, Element)[175]" classname="fr.eseo.e3.poo.projet.blox.modele.pieces.ElementTest" time="0.0"/>
  <testcase name="testHashCodeInegalite(Element, Element)[176]" classname="fr.eseo.e3.poo.projet.blox.modele.pieces.ElementTest" time="0.001"/>
  <testcase name="testHashCodeInegalite(Element, Element)[177]" classname="fr.eseo.e3.poo.projet.blox.modele.pieces.ElementTest" time="0.005"/>
  <testcase name="testHashCodeInegalite(Element, Element)[178]" classname="fr.eseo.e3.poo.projet.blox.modele.pieces.ElementTest" time="0.001"/>
  <testcase name="testHashCodeInegalite(Element, Element)[179]" classname="fr.eseo.e3.poo.projet.blox.modele.pieces.ElementTest" time="0.001"/>
  <testcase name="testHashCodeInegalite(Element, Element)[180]" classname="fr.eseo.e3.poo.projet.blox.modele.pieces.ElementTest" time="0.054"/>
  <testcase name="testHashCodeInegalite(Element, Element)[181]" classname="fr.eseo.e3.poo.projet.blox.modele.pieces.ElementTest" time="0.0"/>
  <testcase name="testHashCodeInegalite(Element, Element)[182]" classname="fr.eseo.e3.poo.projet.blox.modele.pieces.ElementTest" time="0.0"/>
  <testcase name="testHashCodeInegalite(Element, Element)[183]" classname="fr.eseo.e3.poo.projet.blox.modele.pieces.ElementTest" time="0.001"/>
  <testcase name="testHashCodeInegalite(Element, Element)[184]" classname="fr.eseo.e3.poo.projet.blox.modele.pieces.ElementTest" time="0.001"/>
  <testcase name="testHashCodeInegalite(Element, Element)[185]" classname="fr.eseo.e3.poo.projet.blox.modele.pieces.ElementTest" time="0.001"/>
  <testcase name="testHashCodeInegalite(Element, Element)[186]" classname="fr.eseo.e3.poo.projet.blox.modele.pieces.ElementTest" time="0.008"/>
  <testcase name="testHashCodeInegalite(Element, Element)[187]" classname="fr.eseo.e3.poo.projet.blox.modele.pieces.ElementTest" time="0.001"/>
  <testcase name="testHashCodeInegalite(Element, Element)[188]" classname="fr.eseo.e3.poo.projet.blox.modele.pieces.ElementTest" time="0.001"/>
  <testcase name="testHashCodeInegalite(Element, Element)[189]" classname="fr.eseo.e3.poo.projet.blox.modele.pieces.ElementTest" time="0.003"/>
  <testcase name="testHashCodeInegalite(Element, Element)[190]" classname="fr.eseo.e3.poo.projet.blox.modele.pieces.ElementTest" time="0.002"/>
  <testcase name="testHashCodeInegalite(Element, Element)[191]" classname="fr.eseo.e3.poo.projet.blox.modele.pieces.ElementTest" time="0.001"/>
  <testcase name="testHashCodeInegalite(Element, Element)[192]" classname="fr.eseo.e3.poo.projet.blox.modele.pieces.ElementTest" time="0.001"/>
  <testcase name="testHashCodeInegalite(Element, Element)[193]" classname="fr.eseo.e3.poo.projet.blox.modele.pieces.ElementTest" time="0.002"/>
  <testcase name="testHashCodeInegalite(Element, Element)[194]" classname="fr.eseo.e3.poo.projet.blox.modele.pieces.ElementTest" time="0.001"/>
  <testcase name="testHashCodeInegalite(Element, Element)[195]" classname="fr.eseo.e3.poo.projet.blox.modele.pieces.ElementTest" time="0.002"/>
  <testcase name="testHashCodeInegalite(Element, Element)[196]" classname="fr.eseo.e3.poo.projet.blox.modele.pieces.ElementTest" time="0.002"/>
  <testcase name="testHashCodeInegalite(Element, Element)[197]" classname="fr.eseo.e3.poo.projet.blox.modele.pieces.ElementTest" time="0.0"/>
  <testcase name="testHashCodeInegalite(Element, Element)[198]" classname="fr.eseo.e3.poo.projet.blox.modele.pieces.ElementTest" time="0.0"/>
  <testcase name="testHashCodeInegalite(Element, Element)[199]" classname="fr.eseo.e3.poo.projet.blox.modele.pieces.ElementTest" time="0.0"/>
  <testcase name="testHashCodeInegalite(Element, Element)[200]" classname="fr.eseo.e3.poo.projet.blox.modele.pieces.ElementTest" time="0.0"/>
  <testcase name="testHashCodeInegalite(Element, Element)[201]" classname="fr.eseo.e3.poo.projet.blox.modele.pieces.ElementTest" time="0.005"/>
  <testcase name="testHashCodeInegalite(Element, Element)[202]" classname="fr.eseo.e3.poo.projet.blox.modele.pieces.ElementTest" time="0.001"/>
  <testcase name="testHashCodeInegalite(Element, Element)[203]" classname="fr.eseo.e3.poo.projet.blox.modele.pieces.ElementTest" time="0.001"/>
  <testcase name="testHashCodeInegalite(Element, Element)[204]" classname="fr.eseo.e3.poo.projet.blox.modele.pieces.ElementTest" time="0.001"/>
  <testcase name="testHashCodeInegalite(Element, Element)[205]" classname="fr.eseo.e3.poo.projet.blox.modele.pieces.ElementTest" time="0.001"/>
  <testcase name="testHashCodeInegalite(Element, Element)[206]" classname="fr.eseo.e3.poo.projet.blox.modele.pieces.ElementTest" time="0.001"/>
  <testcase name="testHashCodeInegalite(Element, Element)[207]" classname="fr.eseo.e3.poo.projet.blox.modele.pieces.ElementTest" time="0.002"/>
  <testcase name="testHashCodeInegalite(Element, Element)[208]" classname="fr.eseo.e3.poo.projet.blox.modele.pieces.ElementTest" time="0.001"/>
  <testcase name="testHashCodeInegalite(Element, Element)[209]" classname="fr.eseo.e3.poo.projet.blox.modele.pieces.ElementTest" time="0.0"/>
  <testcase name="testHashCodeInegalite(Element, Element)[210]" classname="fr.eseo.e3.poo.projet.blox.modele.pieces.ElementTest" time="0.0"/>
  <testcase name="testHashCodeInegalite(Element, Element)[211]" classname="fr.eseo.e3.poo.projet.blox.modele.pieces.ElementTest" time="0.002"/>
  <testcase name="testHashCodeInegalite(Element, Element)[212]" classname="fr.eseo.e3.poo.projet.blox.modele.pieces.ElementTest" time="0.001"/>
  <testcase name="testHashCodeInegalite(Element, Element)[213]" classname="fr.eseo.e3.poo.projet.blox.modele.pieces.ElementTest" time="0.0"/>
  <testcase name="testHashCodeInegalite(Element, Element)[214]" classname="fr.eseo.e3.poo.projet.blox.modele.pieces.ElementTest" time="0.001"/>
  <testcase name="testHashCodeInegalite(Element, Element)[215]" classname="fr.eseo.e3.poo.projet.blox.modele.pieces.ElementTest" time="0.0"/>
  <testcase name="testHashCodeInegalite(Element, Element)[216]" classname="fr.eseo.e3.poo.projet.blox.modele.pieces.ElementTest" time="0.001"/>
  <testcase name="testHashCodeInegalite(Element, Element)[217]" classname="fr.eseo.e3.poo.projet.blox.modele.pieces.ElementTest" time="0.001"/>
  <testcase name="testHashCodeInegalite(Element, Element)[218]" classname="fr.eseo.e3.poo.projet.blox.modele.pieces.ElementTest" time="0.001"/>
  <testcase name="testHashCodeInegalite(Element, Element)[219]" classname="fr.eseo.e3.poo.projet.blox.modele.pieces.ElementTest" time="0.003"/>
  <testcase name="testHashCodeInegalite(Element, Element)[220]" classname="fr.eseo.e3.poo.projet.blox.modele.pieces.ElementTest" time="0.0"/>
  <testcase name="testHashCodeInegalite(Element, Element)[221]" classname="fr.eseo.e3.poo.projet.blox.modele.pieces.ElementTest" time="0.001"/>
  <testcase name="testHashCodeInegalite(Element, Element)[222]" classname="fr.eseo.e3.poo.projet.blox.modele.pieces.ElementTest" time="0.001"/>
  <testcase name="testHashCodeInegalite(Element, Element)[223]" classname="fr.eseo.e3.poo.projet.blox.modele.pieces.ElementTest" time="0.001"/>
  <testcase name="testHashCodeInegalite(Element, Element)[224]" classname="fr.eseo.e3.poo.projet.blox.modele.pieces.ElementTest" time="0.001"/>
  <testcase name="testHashCodeInegalite(Element, Element)[225]" classname="fr.eseo.e3.poo.projet.blox.modele.pieces.ElementTest" time="0.001"/>
  <testcase name="testHashCodeInegalite(Element, Element)[226]" classname="fr.eseo.e3.poo.projet.blox.modele.pieces.ElementTest" time="0.001"/>
  <testcase name="testHashCodeInegalite(Element, Element)[227]" classname="fr.eseo.e3.poo.projet.blox.modele.pieces.ElementTest" time="0.002"/>
  <testcase name="testHashCodeInegalite(Element, Element)[228]" classname="fr.eseo.e3.poo.projet.blox.modele.pieces.ElementTest" time="0.001"/>
  <testcase name="testHashCodeInegalite(Element, Element)[229]" classname="fr.eseo.e3.poo.projet.blox.modele.pieces.ElementTest" time="0.001"/>
  <testcase name="testHashCodeInegalite(Element, Element)[230]" classname="fr.eseo.e3.poo.projet.blox.modele.pieces.ElementTest" time="0.001"/>
  <testcase name="testHashCodeInegalite(Element, Element)[231]" classname="fr.eseo.e3.poo.projet.blox.modele.pieces.ElementTest" time="0.001"/>
  <testcase name="testHashCodeInegalite(Element, Element)[232]" classname="fr.eseo.e3.poo.projet.blox.modele.pieces.ElementTest" time="0.002"/>
  <testcase name="testHashCodeInegalite(Element, Element)[233]" classname="fr.eseo.e3.poo.projet.blox.modele.pieces.ElementTest" time="0.005"/>
  <testcase name="testHashCodeInegalite(Element, Element)[234]" classname="fr.eseo.e3.poo.projet.blox.modele.pieces.ElementTest" time="0.001"/>
  <testcase name="testHashCodeInegalite(Element, Element)[235]" classname="fr.eseo.e3.poo.projet.blox.modele.pieces.ElementTest" time="0.001"/>
  <testcase name="testHashCodeInegalite(Element, Element)[236]" classname="fr.eseo.e3.poo.projet.blox.modele.pieces.ElementTest" time="0.001"/>
  <testcase name="testHashCodeInegalite(Element, Element)[237]" classname="fr.eseo.e3.poo.projet.blox.modele.pieces.ElementTest" time="0.0"/>
  <testcase name="testHashCodeInegalite(Element, Element)[238]" classname="fr.eseo.e3.poo.projet.blox.modele.pieces.ElementTest" time="0.0"/>
  <testcase name="testHashCodeInegalite(Element, Element)[239]" classname="fr.eseo.e3.poo.projet.blox.modele.pieces.ElementTest" time="0.002"/>
  <testcase name="testHashCodeInegalite(Element, Element)[240]" classname="fr.eseo.e3.poo.projet.blox.modele.pieces.ElementTest" time="0.0"/>
  <testcase name="testHashCodeInegalite(Element, Element)[241]" classname="fr.eseo.e3.poo.projet.blox.modele.pieces.ElementTest" time="0.001"/>
  <testcase name="testHashCodeInegalite(Element, Element)[242]" classname="fr.eseo.e3.poo.projet.blox.modele.pieces.ElementTest" time="0.0"/>
  <testcase name="testHashCodeInegalite(Element, Element)[243]" classname="fr.eseo.e3.poo.projet.blox.modele.pieces.ElementTest" time="0.002"/>
  <testcase name="testHashCodeInegalite(Element, Element)[244]" classname="fr.eseo.e3.poo.projet.blox.modele.pieces.ElementTest" time="0.0"/>
  <testcase name="testHashCodeInegalite(Element, Element)[245]" classname="fr.eseo.e3.poo.projet.blox.modele.pieces.ElementTest" time="0.001"/>
  <testcase name="testHashCodeInegalite(Element, Element)[246]" classname="fr.eseo.e3.poo.projet.blox.modele.pieces.ElementTest" time="0.001"/>
  <testcase name="testHashCodeInegalite(Element, Element)[247]" classname="fr.eseo.e3.poo.projet.blox.modele.pieces.ElementTest" time="0.001"/>
  <testcase name="testHashCodeInegalite(Element, Element)[248]" classname="fr.eseo.e3.poo.projet.blox.modele.pieces.ElementTest" time="0.001"/>
  <testcase name="testHashCodeInegalite(Element, Element)[249]" classname="fr.eseo.e3.poo.projet.blox.modele.pieces.ElementTest" time="0.002"/>
  <testcase name="testHashCodeInegalite(Element, Element)[250]" classname="fr.eseo.e3.poo.projet.blox.modele.pieces.ElementTest" time="0.001"/>
  <testcase name="testHashCodeInegalite(Element, Element)[251]" classname="fr.eseo.e3.poo.projet.blox.modele.pieces.ElementTest" time="0.001"/>
  <testcase name="testHashCodeInegalite(Element, Element)[252]" classname="fr.eseo.e3.poo.projet.blox.modele.pieces.ElementTest" time="0.001"/>
  <testcase name="testHashCodeInegalite(Element, Element)[253]" classname="fr.eseo.e3.poo.projet.blox.modele.pieces.ElementTest" time="0.001"/>
  <testcase name="testHashCodeInegalite(Element, Element)[254]" classname="fr.eseo.e3.poo.projet.blox.modele.pieces.ElementTest" time="0.002"/>
  <testcase name="testHashCodeInegalite(Element, Element)[255]" classname="fr.eseo.e3.poo.projet.blox.modele.pieces.ElementTest" time="0.002"/>
  <testcase name="testHashCodeInegalite(Element, Element)[256]" classname="fr.eseo.e3.poo.projet.blox.modele.pieces.ElementTest" time="0.003"/>
  <testcase name="testHashCodeInegalite(Element, Element)[257]" classname="fr.eseo.e3.poo.projet.blox.modele.pieces.ElementTest" time="0.001"/>
  <testcase name="testHashCodeInegalite(Element, Element)[258]" classname="fr.eseo.e3.poo.projet.blox.modele.pieces.ElementTest" time="0.001"/>
  <testcase name="testHashCodeInegalite(Element, Element)[259]" classname="fr.eseo.e3.poo.projet.blox.modele.pieces.ElementTest" time="0.001"/>
  <testcase name="testHashCodeInegalite(Element, Element)[260]" classname="fr.eseo.e3.poo.projet.blox.modele.pieces.ElementTest" time="0.001"/>
  <testcase name="testHashCodeInegalite(Element, Element)[261]" classname="fr.eseo.e3.poo.projet.blox.modele.pieces.ElementTest" time="0.001"/>
  <testcase name="testHashCodeInegalite(Element, Element)[262]" classname="fr.eseo.e3.poo.projet.blox.modele.pieces.ElementTest" time="0.001"/>
  <testcase name="testHashCodeInegalite(Element, Element)[263]" classname="fr.eseo.e3.poo.projet.blox.modele.pieces.ElementTest" time="0.001"/>
  <testcase name="testHashCodeInegalite(Element, Element)[264]" classname="fr.eseo.e3.poo.projet.blox.modele.pieces.ElementTest" time="0.002"/>
  <testcase name="testHashCodeInegalite(Element, Element)[265]" classname="fr.eseo.e3.poo.projet.blox.modele.pieces.ElementTest" time="0.001"/>
  <testcase name="testHashCodeInegalite(Element, Element)[266]" classname="fr.eseo.e3.poo.projet.blox.modele.pieces.ElementTest" time="0.001"/>
  <testcase name="testHashCodeInegalite(Element, Element)[267]" classname="fr.eseo.e3.poo.projet.blox.modele.pieces.ElementTest" time="0.0"/>
  <testcase name="testHashCodeInegalite(Element, Element)[268]" classname="fr.eseo.e3.poo.projet.blox.modele.pieces.ElementTest" time="0.001"/>
  <testcase name="testHashCodeInegalite(Element, Element)[269]" classname="fr.eseo.e3.poo.projet.blox.modele.pieces.ElementTest" time="0.001"/>
  <testcase name="testHashCodeInegalite(Element, Element)[270]" classname="fr.eseo.e3.poo.projet.blox.modele.pieces.ElementTest" time="0.001"/>
  <testcase name="testHashCodeInegalite(Element, Element)[271]" classname="fr.eseo.e3.poo.projet.blox.modele.pieces.ElementTest" time="0.002"/>
  <testcase name="testHashCodeInegalite(Element, Element)[272]" classname="fr.eseo.e3.poo.projet.blox.modele.pieces.ElementTest" time="0.001"/>
  <testcase name="testHashCodeInegalite(Element, Element)[273]" classname="fr.eseo.e3.poo.projet.blox.modele.pieces.ElementTest" time="0.001"/>
  <testcase name="testHashCodeInegalite(Element, Element)[274]" classname="fr.eseo.e3.poo.projet.blox.modele.pieces.ElementTest" time="0.0"/>
  <testcase name="testHashCodeInegalite(Element, Element)[275]" classname="fr.eseo.e3.poo.projet.blox.modele.pieces.ElementTest" time="0.001"/>
  <testcase name="testHashCodeInegalite(Element, Element)[276]" classname="fr.eseo.e3.poo.projet.blox.modele.pieces.ElementTest" time="0.0"/>
  <testcase name="testHashCodeInegalite(Element, Element)[277]" classname="fr.eseo.e3.poo.projet.blox.modele.pieces.ElementTest" time="0.006"/>
  <testcase name="testHashCodeInegalite(Element, Element)[278]" classname="fr.eseo.e3.poo.projet.blox.modele.pieces.ElementTest" time="0.0"/>
  <testcase name="testHashCodeInegalite(Element, Element)[279]" classname="fr.eseo.e3.poo.projet.blox.modele.pieces.ElementTest" time="0.001"/>
  <testcase name="testHashCodeInegalite(Element, Element)[280]" classname="fr.eseo.e3.poo.projet.blox.modele.pieces.ElementTest" time="0.0"/>
  <testcase name="testHashCodeInegalite(Element, Element)[281]" classname="fr.eseo.e3.poo.projet.blox.modele.pieces.ElementTest" time="0.002"/>
  <testcase name="testHashCodeInegalite(Element, Element)[282]" classname="fr.eseo.e3.poo.projet.blox.modele.pieces.ElementTest" time="0.0"/>
  <testcase name="testHashCodeInegalite(Element, Element)[283]" classname="fr.eseo.e3.poo.projet.blox.modele.pieces.ElementTest" time="0.001"/>
  <testcase name="testHashCodeInegalite(Element, Element)[284]" classname="fr.eseo.e3.poo.projet.blox.modele.pieces.ElementTest" time="0.001"/>
  <testcase name="testHashCodeInegalite(Element, Element)[285]" classname="fr.eseo.e3.poo.projet.blox.modele.pieces.ElementTest" time="0.001"/>
  <testcase name="testHashCodeInegalite(Element, Element)[286]" classname="fr.eseo.e3.poo.projet.blox.modele.pieces.ElementTest" time="0.002"/>
  <testcase name="testHashCodeInegalite(Element, Element)[287]" classname="fr.eseo.e3.poo.projet.blox.modele.pieces.ElementTest" time="0.001"/>
  <testcase name="testHashCodeInegalite(Element, Element)[288]" classname="fr.eseo.e3.poo.projet.blox.modele.pieces.ElementTest" time="0.001"/>
  <testcase name="testHashCodeInegalite(Element, Element)[289]" classname="fr.eseo.e3.poo.projet.blox.modele.pieces.ElementTest" time="0.0"/>
  <testcase name="testHashCodeInegalite(Element, Element)[290]" classname="fr.eseo.e3.poo.projet.blox.modele.pieces.ElementTest" time="0.001"/>
  <testcase name="testHashCodeInegalite(Element, Element)[291]" classname="fr.eseo.e3.poo.projet.blox.modele.pieces.ElementTest" time="0.001"/>
  <testcase name="testHashCodeInegalite(Element, Element)[292]" classname="fr.eseo.e3.poo.projet.blox.modele.pieces.ElementTest" time="0.0"/>
  <testcase name="testHashCodeInegalite(Element, Element)[293]" classname="fr.eseo.e3.poo.projet.blox.modele.pieces.ElementTest" time="0.0"/>
  <testcase name="testHashCodeInegalite(Element, Element)[294]" classname="fr.eseo.e3.poo.projet.blox.modele.pieces.ElementTest" time="0.0"/>
  <testcase name="testHashCodeInegalite(Element, Element)[295]" classname="fr.eseo.e3.poo.projet.blox.modele.pieces.ElementTest" time="0.001"/>
  <testcase name="testHashCodeInegalite(Element, Element)[296]" classname="fr.eseo.e3.poo.projet.blox.modele.pieces.ElementTest" time="0.001"/>
  <testcase name="testHashCodeInegalite(Element, Element)[297]" classname="fr.eseo.e3.poo.projet.blox.modele.pieces.ElementTest" time="0.001"/>
  <testcase name="testHashCodeInegalite(Element, Element)[298]" classname="fr.eseo.e3.poo.projet.blox.modele.pieces.ElementTest" time="0.001"/>
  <testcase name="testHashCodeInegalite(Element, Element)[299]" classname="fr.eseo.e3.poo.projet.blox.modele.pieces.ElementTest" time="0.0"/>
  <testcase name="testHashCodeInegalite(Element, Element)[300]" classname="fr.eseo.e3.poo.projet.blox.modele.pieces.ElementTest" time="0.001"/>
  <testcase name="testHashCodeInegalite(Element, Element)[301]" classname="fr.eseo.e3.poo.projet.blox.modele.pieces.ElementTest" time="0.001"/>
  <testcase name="testHashCodeInegalite(Element, Element)[302]" classname="fr.eseo.e3.poo.projet.blox.modele.pieces.ElementTest" time="0.0"/>
  <testcase name="testHashCodeInegalite(Element, Element)[303]" classname="fr.eseo.e3.poo.projet.blox.modele.pieces.ElementTest" time="0.0"/>
  <testcase name="testHashCodeInegalite(Element, Element)[304]" classname="fr.eseo.e3.poo.projet.blox.modele.pieces.ElementTest" time="0.001"/>
  <testcase name="testHashCodeInegalite(Element, Element)[305]" classname="fr.eseo.e3.poo.projet.blox.modele.pieces.ElementTest" time="0.001"/>
  <testcase name="testHashCodeInegalite(Element, Element)[306]" classname="fr.eseo.e3.poo.projet.blox.modele.pieces.ElementTest" time="0.0"/>
  <testcase name="testHashCodeInegalite(Element, Element)[307]" classname="fr.eseo.e3.poo.projet.blox.modele.pieces.ElementTest" time="0.001"/>
  <testcase name="testHashCodeInegalite(Element, Element)[308]" classname="fr.eseo.e3.poo.projet.blox.modele.pieces.ElementTest" time="0.0"/>
  <testcase name="testHashCodeInegalite(Element, Element)[309]" classname="fr.eseo.e3.poo.projet.blox.modele.pieces.ElementTest" time="0.0"/>
  <testcase name="testHashCodeInegalite(Element, Element)[310]" classname="fr.eseo.e3.poo.projet.blox.modele.pieces.ElementTest" time="0.0"/>
  <testcase name="testHashCodeInegalite(Element, Element)[311]" classname="fr.eseo.e3.poo.projet.blox.modele.pieces.ElementTest" time="0.0"/>
  <testcase name="testHashCodeInegalite(Element, Element)[312]" classname="fr.eseo.e3.poo.projet.blox.modele.pieces.ElementTest" time="0.0"/>
  <testcase name="testHashCodeInegalite(Element, Element)[313]" classname="fr.eseo.e3.poo.projet.blox.modele.pieces.ElementTest" time="0.001"/>
  <testcase name="testHashCodeInegalite(Element, Element)[314]" classname="fr.eseo.e3.poo.projet.blox.modele.pieces.ElementTest" time="0.0"/>
  <testcase name="testHashCodeInegalite(Element, Element)[315]" classname="fr.eseo.e3.poo.projet.blox.modele.pieces.ElementTest" time="0.0"/>
  <testcase name="testHashCodeInegalite(Element, Element)[316]" classname="fr.eseo.e3.poo.projet.blox.modele.pieces.ElementTest" time="0.0"/>
  <testcase name="testHashCodeInegalite(Element, Element)[317]" classname="fr.eseo.e3.poo.projet.blox.modele.pieces.ElementTest" time="0.0"/>
  <testcase name="testHashCodeInegalite(Element, Element)[318]" classname="fr.eseo.e3.poo.projet.blox.modele.pieces.ElementTest" time="0.001"/>
  <testcase name="testHashCodeInegalite(Element, Element)[319]" classname="fr.eseo.e3.poo.projet.blox.modele.pieces.ElementTest" time="0.0"/>
  <testcase name="testHashCodeInegalite(Element, Element)[320]" classname="fr.eseo.e3.poo.projet.blox.modele.pieces.ElementTest" time="0.0"/>
  <testcase name="testHashCodeInegalite(Element, Element)[321]" classname="fr.eseo.e3.poo.projet.blox.modele.pieces.ElementTest" time="0.0"/>
  <testcase name="testHashCodeInegalite(Element, Element)[322]" classname="fr.eseo.e3.poo.projet.blox.modele.pieces.ElementTest" time="0.001"/>
  <testcase name="testHashCodeInegalite(Element, Element)[323]" classname="fr.eseo.e3.poo.projet.blox.modele.pieces.ElementTest" time="0.001"/>
  <testcase name="testHashCodeInegalite(Element, Element)[324]" classname="fr.eseo.e3.poo.projet.blox.modele.pieces.ElementTest" time="0.001"/>
  <testcase name="testHashCodeInegalite(Element, Element)[325]" classname="fr.eseo.e3.poo.projet.blox.modele.pieces.ElementTest" time="0.001"/>
  <testcase name="testHashCodeInegalite(Element, Element)[326]" classname="fr.eseo.e3.poo.projet.blox.modele.pieces.ElementTest" time="0.001"/>
  <testcase name="testHashCodeInegalite(Element, Element)[327]" classname="fr.eseo.e3.poo.projet.blox.modele.pieces.ElementTest" time="0.001"/>
  <testcase name="testHashCodeInegalite(Element, Element)[328]" classname="fr.eseo.e3.poo.projet.blox.modele.pieces.ElementTest" time="0.0"/>
  <testcase name="testHashCodeInegalite(Element, Element)[329]" classname="fr.eseo.e3.poo.projet.blox.modele.pieces.ElementTest" time="0.0"/>
  <testcase name="testHashCodeInegalite(Element, Element)[330]" classname="fr.eseo.e3.poo.projet.blox.modele.pieces.ElementTest" time="0.0"/>
  <testcase name="testHashCodeInegalite(Element, Element)[331]" classname="fr.eseo.e3.poo.projet.blox.modele.pieces.ElementTest" time="0.001"/>
  <testcase name="testHashCodeInegalite(Element, Element)[332]" classname="fr.eseo.e3.poo.projet.blox.modele.pieces.ElementTest" time="0.001"/>
  <testcase name="testHashCodeInegalite(Element, Element)[333]" classname="fr.eseo.e3.poo.projet.blox.modele.pieces.ElementTest" time="0.0"/>
  <testcase name="testHashCodeInegalite(Element, Element)[334]" classname="fr.eseo.e3.poo.projet.blox.modele.pieces.ElementTest" time="0.0"/>
  <testcase name="testHashCodeInegalite(Element, Element)[335]" classname="fr.eseo.e3.poo.projet.blox.modele.pieces.ElementTest" time="0.0"/>
  <testcase name="testHashCodeInegalite(Element, Element)[336]" classname="fr.eseo.e3.poo.projet.blox.modele.pieces.ElementTest" time="0.0"/>
  <testcase name="testHashCodeInegalite(Element, Element)[337]" classname="fr.eseo.e3.poo.projet.blox.modele.pieces.ElementTest" time="0.0"/>
  <testcase name="testHashCodeInegalite(Element, Element)[338]" classname="fr.eseo.e3.poo.projet.blox.modele.pieces.ElementTest" time="0.0"/>
  <testcase name="testHashCodeInegalite(Element, Element)[339]" classname="fr.eseo.e3.poo.projet.blox.modele.pieces.ElementTest" time="0.001"/>
  <testcase name="testHashCodeInegalite(Element, Element)[340]" classname="fr.eseo.e3.poo.projet.blox.modele.pieces.ElementTest" time="0.001"/>
  <testcase name="testHashCodeInegalite(Element, Element)[341]" classname="fr.eseo.e3.poo.projet.blox.modele.pieces.ElementTest" time="0.001"/>
  <testcase name="testHashCodeInegalite(Element, Element)[342]" classname="fr.eseo.e3.poo.projet.blox.modele.pieces.ElementTest" time="0.001"/>
  <testcase name="testHashCodeInegalite(Element, Element)[343]" classname="fr.eseo.e3.poo.projet.blox.modele.pieces.ElementTest" time="0.001"/>
  <testcase name="testHashCodeInegalite(Element, Element)[344]" classname="fr.eseo.e3.poo.projet.blox.modele.pieces.ElementTest" time="0.0"/>
  <testcase name="testHashCodeInegalite(Element, Element)[345]" classname="fr.eseo.e3.poo.projet.blox.modele.pieces.ElementTest" time="0.001"/>
  <testcase name="testHashCodeInegalite(Element, Element)[346]" classname="fr.eseo.e3.poo.projet.blox.modele.pieces.ElementTest" time="0.0"/>
  <testcase name="testHashCodeInegalite(Element, Element)[347]" classname="fr.eseo.e3.poo.projet.blox.modele.pieces.ElementTest" time="0.0"/>
  <testcase name="testHashCodeInegalite(Element, Element)[348]" classname="fr.eseo.e3.poo.projet.blox.modele.pieces.ElementTest" time="0.0"/>
  <testcase name="testHashCodeInegalite(Element, Element)[349]" classname="fr.eseo.e3.poo.projet.blox.modele.pieces.ElementTest" time="0.0"/>
  <testcase name="testHashCodeInegalite(Element, Element)[350]" classname="fr.eseo.e3.poo.projet.blox.modele.pieces.ElementTest" time="0.001"/>
  <testcase name="testHashCodeInegalite(Element, Element)[351]" classname="fr.eseo.e3.poo.projet.blox.modele.pieces.ElementTest" time="0.0"/>
  <testcase name="testHashCodeInegalite(Element, Element)[352]" classname="fr.eseo.e3.poo.projet.blox.modele.pieces.ElementTest" time="0.0"/>
  <testcase name="testHashCodeInegalite(Element, Element)[353]" classname="fr.eseo.e3.poo.projet.blox.modele.pieces.ElementTest" time="0.001"/>
  <testcase name="testHashCodeInegalite(Element, Element)[354]" classname="fr.eseo.e3.poo.projet.blox.modele.pieces.ElementTest" time="0.001"/>
  <testcase name="testHashCodeInegalite(Element, Element)[355]" classname="fr.eseo.e3.poo.projet.blox.modele.pieces.ElementTest" time="0.0"/>
  <testcase name="testHashCodeInegalite(Element, Element)[356]" classname="fr.eseo.e3.poo.projet.blox.modele.pieces.ElementTest" time="0.0"/>
  <testcase name="testHashCodeInegalite(Element, Element)[357]" classname="fr.eseo.e3.poo.projet.blox.modele.pieces.ElementTest" time="0.0"/>
  <testcase name="testHashCodeInegalite(Element, Element)[358]" classname="fr.eseo.e3.poo.projet.blox.modele.pieces.ElementTest" time="0.0"/>
  <testcase name="testHashCodeInegalite(Element, Element)[359]" classname="fr.eseo.e3.poo.projet.blox.modele.pieces.ElementTest" time="0.001"/>
  <testcase name="testHashCodeInegalite(Element, Element)[360]" classname="fr.eseo.e3.poo.projet.blox.modele.pieces.ElementTest" time="0.001"/>
  <testcase name="testHashCodeInegalite(Element, Element)[361]" classname="fr.eseo.e3.poo.projet.blox.modele.pieces.ElementTest" time="0.001"/>
  <testcase name="testHashCodeInegalite(Element, Element)[362]" classname="fr.eseo.e3.poo.projet.blox.modele.pieces.ElementTest" time="0.001"/>
  <testcase name="testHashCodeInegalite(Element, Element)[363]" classname="fr.eseo.e3.poo.projet.blox.modele.pieces.ElementTest" time="0.001"/>
  <testcase name="testHashCodeInegalite(Element, Element)[364]" classname="fr.eseo.e3.poo.projet.blox.modele.pieces.ElementTest" time="0.0"/>
  <testcase name="testHashCodeInegalite(Element, Element)[365]" classname="fr.eseo.e3.poo.projet.blox.modele.pieces.ElementTest" time="0.001"/>
  <testcase name="testHashCodeInegalite(Element, Element)[366]" classname="fr.eseo.e3.poo.projet.blox.modele.pieces.ElementTest" time="0.0"/>
  <testcase name="testHashCodeInegalite(Element, Element)[367]" classname="fr.eseo.e3.poo.projet.blox.modele.pieces.ElementTest" time="0.0"/>
  <testcase name="testHashCodeInegalite(Element, Element)[368]" classname="fr.eseo.e3.poo.projet.blox.modele.pieces.ElementTest" time="0.0"/>
  <testcase name="testHashCodeInegalite(Element, Element)[369]" classname="fr.eseo.e3.poo.projet.blox.modele.pieces.ElementTest" time="0.0"/>
  <testcase name="testHashCodeInegalite(Element, Element)[370]" classname="fr.eseo.e3.poo.projet.blox.modele.pieces.ElementTest" time="0.001"/>
  <testcase name="testHashCodeInegalite(Element, Element)[371]" classname="fr.eseo.e3.poo.projet.blox.modele.pieces.ElementTest" time="0.0"/>
  <testcase name="testHashCodeInegalite(Element, Element)[372]" classname="fr.eseo.e3.poo.projet.blox.modele.pieces.ElementTest" time="0.002"/>
  <testcase name="testHashCodeInegalite(Element, Element)[373]" classname="fr.eseo.e3.poo.projet.blox.modele.pieces.ElementTest" time="0.001"/>
  <testcase name="testHashCodeInegalite(Element, Element)[374]" classname="fr.eseo.e3.poo.projet.blox.modele.pieces.ElementTest" time="0.0"/>
  <testcase name="testHashCodeInegalite(Element, Element)[375]" classname="fr.eseo.e3.poo.projet.blox.modele.pieces.ElementTest" time="0.0"/>
  <testcase name="testHashCodeInegalite(Element, Element)[376]" classname="fr.eseo.e3.poo.projet.blox.modele.pieces.ElementTest" time="0.001"/>
  <testcase name="testHashCodeInegalite(Element, Element)[377]" classname="fr.eseo.e3.poo.projet.blox.modele.pieces.ElementTest" time="0.001"/>
  <testcase name="testHashCodeInegalite(Element, Element)[378]" classname="fr.eseo.e3.poo.projet.blox.modele.pieces.ElementTest" time="0.0"/>
  <testcase name="testHashCodeInegalite(Element, Element)[379]" classname="fr.eseo.e3.poo.projet.blox.modele.pieces.ElementTest" time="0.0"/>
  <testcase name="testHashCodeInegalite(Element, Element)[380]" classname="fr.eseo.e3.poo.projet.blox.modele.pieces.ElementTest" time="0.001"/>
  <testcase name="testHashCodeInegalite(Element, Element)[381]" classname="fr.eseo.e3.poo.projet.blox.modele.pieces.ElementTest" time="0.0"/>
  <testcase name="testHashCodeInegalite(Element, Element)[382]" classname="fr.eseo.e3.poo.projet.blox.modele.pieces.ElementTest" time="0.001"/>
  <testcase name="testHashCodeInegalite(Element, Element)[383]" classname="fr.eseo.e3.poo.projet.blox.modele.pieces.ElementTest" time="0.001"/>
  <testcase name="testHashCodeInegalite(Element, Element)[384]" classname="fr.eseo.e3.poo.projet.blox.modele.pieces.ElementTest" time="0.002"/>
  <testcase name="testHashCodeInegalite(Element, Element)[385]" classname="fr.eseo.e3.poo.projet.blox.modele.pieces.ElementTest" time="0.001"/>
  <testcase name="testHashCodeInegalite(Element, Element)[386]" classname="fr.eseo.e3.poo.projet.blox.modele.pieces.ElementTest" time="0.0"/>
  <testcase name="testHashCodeInegalite(Element, Element)[387]" classname="fr.eseo.e3.poo.projet.blox.modele.pieces.ElementTest" time="0.0"/>
  <testcase name="testHashCodeInegalite(Element, Element)[388]" classname="fr.eseo.e3.poo.projet.blox.modele.pieces.ElementTest" time="0.0"/>
  <testcase name="testHashCodeInegalite(Element, Element)[389]" classname="fr.eseo.e3.poo.projet.blox.modele.pieces.ElementTest" time="0.0"/>
  <testcase name="testHashCodeInegalite(Element, Element)[390]" classname="fr.eseo.e3.poo.projet.blox.modele.pieces.ElementTest" time="0.001"/>
  <testcase name="testHashCodeInegalite(Element, Element)[391]" classname="fr.eseo.e3.poo.projet.blox.modele.pieces.ElementTest" time="0.0"/>
  <testcase name="testHashCodeInegalite(Element, Element)[392]" classname="fr.eseo.e3.poo.projet.blox.modele.pieces.ElementTest" time="0.0"/>
  <testcase name="testHashCodeInegalite(Element, Element)[393]" classname="fr.eseo.e3.poo.projet.blox.modele.pieces.ElementTest" time="0.0"/>
  <testcase name="testHashCodeInegalite(Element, Element)[394]" classname="fr.eseo.e3.poo.projet.blox.modele.pieces.ElementTest" time="0.0"/>
  <testcase name="testHashCodeInegalite(Element, Element)[395]" classname="fr.eseo.e3.poo.projet.blox.modele.pieces.ElementTest" time="0.0"/>
  <testcase name="testHashCodeInegalite(Element, Element)[396]" classname="fr.eseo.e3.poo.projet.blox.modele.pieces.ElementTest" time="0.0"/>
  <testcase name="testHashCodeInegalite(Element, Element)[397]" classname="fr.eseo.e3.poo.projet.blox.modele.pieces.ElementTest" time="0.0"/>
  <testcase name="testHashCodeInegalite(Element, Element)[398]" classname="fr.eseo.e3.poo.projet.blox.modele.pieces.ElementTest" time="0.0"/>
  <testcase name="testHashCodeInegalite(Element, Element)[399]" classname="fr.eseo.e3.poo.projet.blox.modele.pieces.ElementTest" time="0.0"/>
  <testcase name="testHashCodeInegalite(Element, Element)[400]" classname="fr.eseo.e3.poo.projet.blox.modele.pieces.ElementTest" time="0.0"/>
  <testcase name="testHashCodeInegalite(Element, Element)[401]" classname="fr.eseo.e3.poo.projet.blox.modele.pieces.ElementTest" time="0.001"/>
  <testcase name="testHashCodeInegalite(Element, Element)[402]" classname="fr.eseo.e3.poo.projet.blox.modele.pieces.ElementTest" time="0.001"/>
  <testcase name="testHashCodeInegalite(Element, Element)[403]" classname="fr.eseo.e3.poo.projet.blox.modele.pieces.ElementTest" time="0.0"/>
  <testcase name="testHashCodeInegalite(Element, Element)[404]" classname="fr.eseo.e3.poo.projet.blox.modele.pieces.ElementTest" time="0.001"/>
  <testcase name="testHashCodeInegalite(Element, Element)[405]" classname="fr.eseo.e3.poo.projet.blox.modele.pieces.ElementTest" time="0.001"/>
  <testcase name="testHashCodeInegalite(Element, Element)[406]" classname="fr.eseo.e3.poo.projet.blox.modele.pieces.ElementTest" time="0.001"/>
  <testcase name="testHashCodeInegalite(Element, Element)[407]" classname="fr.eseo.e3.poo.projet.blox.modele.pieces.ElementTest" time="0.0"/>
  <testcase name="testHashCodeInegalite(Element, Element)[408]" classname="fr.eseo.e3.poo.projet.blox.modele.pieces.ElementTest" time="0.0"/>
  <testcase name="testHashCodeInegalite(Element, Element)[409]" classname="fr.eseo.e3.poo.projet.blox.modele.pieces.ElementTest" time="0.0"/>
  <testcase name="testHashCodeInegalite(Element, Element)[410]" classname="fr.eseo.e3.poo.projet.blox.modele.pieces.ElementTest" time="0.001"/>
  <testcase name="testHashCodeInegalite(Element, Element)[411]" classname="fr.eseo.e3.poo.projet.blox.modele.pieces.ElementTest" time="0.001"/>
  <testcase name="testHashCodeInegalite(Element, Element)[412]" classname="fr.eseo.e3.poo.projet.blox.modele.pieces.ElementTest" time="0.001"/>
  <testcase name="testHashCodeInegalite(Element, Element)[413]" classname="fr.eseo.e3.poo.projet.blox.modele.pieces.ElementTest" time="0.0"/>
  <testcase name="testHashCodeInegalite(Element, Element)[414]" classname="fr.eseo.e3.poo.projet.blox.modele.pieces.ElementTest" time="0.001"/>
  <testcase name="testHashCodeInegalite(Element, Element)[415]" classname="fr.eseo.e3.poo.projet.blox.modele.pieces.ElementTest" time="0.001"/>
  <testcase name="testHashCodeInegalite(Element, Element)[416]" classname="fr.eseo.e3.poo.projet.blox.modele.pieces.ElementTest" time="0.001"/>
  <testcase name="testHashCodeInegalite(Element, Element)[417]" classname="fr.eseo.e3.poo.projet.blox.modele.pieces.ElementTest" time="0.001"/>
  <testcase name="testHashCodeInegalite(Element, Element)[418]" classname="fr.eseo.e3.poo.projet.blox.modele.pieces.ElementTest" time="0.001"/>
  <testcase name="testHashCodeInegalite(Element, Element)[419]" classname="fr.eseo.e3.poo.projet.blox.modele.pieces.ElementTest" time="0.0"/>
  <testcase name="testHashCodeInegalite(Element, Element)[420]" classname="fr.eseo.e3.poo.projet.blox.modele.pieces.ElementTest" time="0.0"/>
  <testcase name="testHashCodeInegalite(Element, Element)[421]" classname="fr.eseo.e3.poo.projet.blox.modele.pieces.ElementTest" time="0.0"/>
  <testcase name="testHashCodeInegalite(Element, Element)[422]" classname="fr.eseo.e3.poo.projet.blox.modele.pieces.ElementTest" time="0.0"/>
  <testcase name="testHashCodeInegalite(Element, Element)[423]" classname="fr.eseo.e3.poo.projet.blox.modele.pieces.ElementTest" time="0.001"/>
  <testcase name="testHashCodeInegalite(Element, Element)[424]" classname="fr.eseo.e3.poo.projet.blox.modele.pieces.ElementTest" time="0.0"/>
  <testcase name="testHashCodeInegalite(Element, Element)[425]" classname="fr.eseo.e3.poo.projet.blox.modele.pieces.ElementTest" time="0.0"/>
  <testcase name="testHashCodeInegalite(Element, Element)[426]" classname="fr.eseo.e3.poo.projet.blox.modele.pieces.ElementTest" time="0.0"/>
  <testcase name="testHashCodeInegalite(Element, Element)[427]" classname="fr.eseo.e3.poo.projet.blox.modele.pieces.ElementTest" time="0.0"/>
  <testcase name="testHashCodeInegalite(Element, Element)[428]" classname="fr.eseo.e3.poo.projet.blox.modele.pieces.ElementTest" time="0.001"/>
  <testcase name="testHashCodeInegalite(Element, Element)[429]" classname="fr.eseo.e3.poo.projet.blox.modele.pieces.ElementTest" time="0.001"/>
  <testcase name="testHashCodeInegalite(Element, Element)[430]" classname="fr.eseo.e3.poo.projet.blox.modele.pieces.ElementTest" time="0.001"/>
  <testcase name="testHashCodeInegalite(Element, Element)[431]" classname="fr.eseo.e3.poo.projet.blox.modele.pieces.ElementTest" time="0.001"/>
  <testcase name="testHashCodeInegalite(Element, Element)[432]" classname="fr.eseo.e3.poo.projet.blox.modele.pieces.ElementTest" time="0.001"/>
  <testcase name="testHashCodeInegalite(Element, Element)[433]" classname="fr.eseo.e3.poo.projet.blox.modele.pieces.ElementTest" time="0.001"/>
  <testcase name="testHashCodeInegalite(Element, Element)[434]" classname="fr.eseo.e3.poo.projet.blox.modele.pieces.ElementTest" time="0.001"/>
  <testcase name="testHashCodeInegalite(Element, Element)[435]" classname="fr.eseo.e3.poo.projet.blox.modele.pieces.ElementTest" time="0.001"/>
  <testcase name="testHashCodeInegalite(Element, Element)[436]" classname="fr.eseo.e3.poo.projet.blox.modele.pieces.ElementTest" time="0.001"/>
  <testcase name="testHashCodeInegalite(Element, Element)[437]" classname="fr.eseo.e3.poo.projet.blox.modele.pieces.ElementTest" time="0.001"/>
  <testcase name="testHashCodeInegalite(Element, Element)[438]" classname="fr.eseo.e3.poo.projet.blox.modele.pieces.ElementTest" time="0.001"/>
  <testcase name="testHashCodeInegalite(Element, Element)[439]" classname="fr.eseo.e3.poo.projet.blox.modele.pieces.ElementTest" time="0.0"/>
  <testcase name="testHashCodeInegalite(Element, Element)[440]" classname="fr.eseo.e3.poo.projet.blox.modele.pieces.ElementTest" time="0.0"/>
  <testcase name="testHashCodeInegalite(Element, Element)[441]" classname="fr.eseo.e3.poo.projet.blox.modele.pieces.ElementTest" time="0.0"/>
  <testcase name="testHashCodeInegalite(Element, Element)[442]" classname="fr.eseo.e3.poo.projet.blox.modele.pieces.ElementTest" time="0.001"/>
  <testcase name="testHashCodeInegalite(Element, Element)[443]" classname="fr.eseo.e3.poo.projet.blox.modele.pieces.ElementTest" time="0.001"/>
  <testcase name="testHashCodeInegalite(Element, Element)[444]" classname="fr.eseo.e3.poo.projet.blox.modele.pieces.ElementTest" time="0.001"/>
  <testcase name="testHashCodeInegalite(Element, Element)[445]" classname="fr.eseo.e3.poo.projet.blox.modele.pieces.ElementTest" time="0.001"/>
  <testcase name="testHashCodeInegalite(Element, Element)[446]" classname="fr.eseo.e3.poo.projet.blox.modele.pieces.ElementTest" time="0.001"/>
  <testcase name="testHashCodeInegalite(Element, Element)[447]" classname="fr.eseo.e3.poo.projet.blox.modele.pieces.ElementTest" time="0.001"/>
  <testcase name="testHashCodeInegalite(Element, Element)[448]" classname="fr.eseo.e3.poo.projet.blox.modele.pieces.ElementTest" time="0.0"/>
  <testcase name="testHashCodeInegalite(Element, Element)[449]" classname="fr.eseo.e3.poo.projet.blox.modele.pieces.ElementTest" time="0.0"/>
  <testcase name="testHashCodeInegalite(Element, Element)[450]" classname="fr.eseo.e3.poo.projet.blox.modele.pieces.ElementTest" time="0.0"/>
  <testcase name="testHashCodeInegalite(Element, Element)[451]" classname="fr.eseo.e3.poo.projet.blox.modele.pieces.ElementTest" time="0.001"/>
  <testcase name="testHashCodeInegalite(Element, Element)[452]" classname="fr.eseo.e3.poo.projet.blox.modele.pieces.ElementTest" time="0.001"/>
  <testcase name="testHashCodeInegalite(Element, Element)[453]" classname="fr.eseo.e3.poo.projet.blox.modele.pieces.ElementTest" time="0.001"/>
  <testcase name="testHashCodeInegalite(Element, Element)[454]" classname="fr.eseo.e3.poo.projet.blox.modele.pieces.ElementTest" time="0.0"/>
  <testcase name="testHashCodeInegalite(Element, Element)[455]" classname="fr.eseo.e3.poo.projet.blox.modele.pieces.ElementTest" time="0.0"/>
  <testcase name="testHashCodeInegalite(Element, Element)[456]" classname="fr.eseo.e3.poo.projet.blox.modele.pieces.ElementTest" time="0.001"/>
  <testcase name="testHashCodeInegalite(Element, Element)[457]" classname="fr.eseo.e3.poo.projet.blox.modele.pieces.ElementTest" time="0.001"/>
  <testcase name="testHashCodeInegalite(Element, Element)[458]" classname="fr.eseo.e3.poo.projet.blox.modele.pieces.ElementTest" time="0.001"/>
  <testcase name="testHashCodeInegalite(Element, Element)[459]" classname="fr.eseo.e3.poo.projet.blox.modele.pieces.ElementTest" time="0.001"/>
  <testcase name="testHashCodeInegalite(Element, Element)[460]" classname="fr.eseo.e3.poo.projet.blox.modele.pieces.ElementTest" time="0.0"/>
  <testcase name="testHashCodeInegalite(Element, Element)[461]" classname="fr.eseo.e3.poo.projet.blox.modele.pieces.ElementTest" time="0.0"/>
  <testcase name="testHashCodeInegalite(Element, Element)[462]" classname="fr.eseo.e3.poo.projet.blox.modele.pieces.ElementTest" time="0.001"/>
  <testcase name="testHashCodeInegalite(Element, Element)[463]" classname="fr.eseo.e3.poo.projet.blox.modele.pieces.ElementTest" time="0.0"/>
  <testcase name="testHashCodeInegalite(Element, Element)[464]" classname="fr.eseo.e3.poo.projet.blox.modele.pieces.ElementTest" time="0.0"/>
  <testcase name="testHashCodeInegalite(Element, Element)[465]" classname="fr.eseo.e3.poo.projet.blox.modele.pieces.ElementTest" time="0.001"/>
  <testcase name="testHashCodeInegalite(Element, Element)[466]" classname="fr.eseo.e3.poo.projet.blox.modele.pieces.ElementTest" time="0.0"/>
  <testcase name="testHashCodeInegalite(Element, Element)[467]" classname="fr.eseo.e3.poo.projet.blox.modele.pieces.ElementTest" time="0.0"/>
  <testcase name="testHashCodeInegalite(Element, Element)[468]" classname="fr.eseo.e3.poo.projet.blox.modele.pieces.ElementTest" time="0.0"/>
  <testcase name="testHashCodeInegalite(Element, Element)[469]" classname="fr.eseo.e3.poo.projet.blox.modele.pieces.ElementTest" time="0.001"/>
  <testcase name="testHashCodeInegalite(Element, Element)[470]" classname="fr.eseo.e3.poo.projet.blox.modele.pieces.ElementTest" time="0.0"/>
  <testcase name="testHashCodeInegalite(Element, Element)[471]" classname="fr.eseo.e3.poo.projet.blox.modele.pieces.ElementTest" time="0.0"/>
  <testcase name="testHashCodeInegalite(Element, Element)[472]" classname="fr.eseo.e3.poo.projet.blox.modele.pieces.ElementTest" time="0.001"/>
  <testcase name="testHashCodeInegalite(Element, Element)[473]" classname="fr.eseo.e3.poo.projet.blox.modele.pieces.ElementTest" time="0.0"/>
  <testcase name="testHashCodeInegalite(Element, Element)[474]" classname="fr.eseo.e3.poo.projet.blox.modele.pieces.ElementTest" time="0.001"/>
  <testcase name="testHashCodeInegalite(Element, Element)[475]" classname="fr.eseo.e3.poo.projet.blox.modele.pieces.ElementTest" time="0.0"/>
  <testcase name="testHashCodeInegalite(Element, Element)[476]" classname="fr.eseo.e3.poo.projet.blox.modele.pieces.ElementTest" time="0.0"/>
  <testcase name="testHashCodeInegalite(Element, Element)[477]" classname="fr.eseo.e3.poo.projet.blox.modele.pieces.ElementTest" time="0.001"/>
  <testcase name="testHashCodeInegalite(Element, Element)[478]" classname="fr.eseo.e3.poo.projet.blox.modele.pieces.ElementTest" time="0.0"/>
  <testcase name="testHashCodeInegalite(Element, Element)[479]" classname="fr.eseo.e3.poo.projet.blox.modele.pieces.ElementTest" time="0.0"/>
  <testcase name="testHashCodeInegalite(Element, Element)[480]" classname="fr.eseo.e3.poo.projet.blox.modele.pieces.ElementTest" time="0.0"/>
  <testcase name="testHashCodeInegalite(Element, Element)[481]" classname="fr.eseo.e3.poo.projet.blox.modele.pieces.ElementTest" time="0.0"/>
  <testcase name="testHashCodeInegalite(Element, Element)[482]" classname="fr.eseo.e3.poo.projet.blox.modele.pieces.ElementTest" time="0.001"/>
  <testcase name="testHashCodeInegalite(Element, Element)[483]" classname="fr.eseo.e3.poo.projet.blox.modele.pieces.ElementTest" time="0.0"/>
  <testcase name="testHashCodeInegalite(Element, Element)[484]" classname="fr.eseo.e3.poo.projet.blox.modele.pieces.ElementTest" time="0.0"/>
  <testcase name="testHashCodeInegalite(Element, Element)[485]" classname="fr.eseo.e3.poo.projet.blox.modele.pieces.ElementTest" time="0.0"/>
  <testcase name="testHashCodeInegalite(Element, Element)[486]" classname="fr.eseo.e3.poo.projet.blox.modele.pieces.ElementTest" time="0.0"/>
  <testcase name="testHashCodeInegalite(Element, Element)[487]" classname="fr.eseo.e3.poo.projet.blox.modele.pieces.ElementTest" time="0.0"/>
  <testcase name="testHashCodeInegalite(Element, Element)[488]" classname="fr.eseo.e3.poo.projet.blox.modele.pieces.ElementTest" time="0.001"/>
  <testcase name="testHashCodeInegalite(Element, Element)[489]" classname="fr.eseo.e3.poo.projet.blox.modele.pieces.ElementTest" time="0.001"/>
  <testcase name="testHashCodeInegalite(Element, Element)[490]" classname="fr.eseo.e3.poo.projet.blox.modele.pieces.ElementTest" time="0.001"/>
  <testcase name="testHashCodeInegalite(Element, Element)[491]" classname="fr.eseo.e3.poo.projet.blox.modele.pieces.ElementTest" time="0.0"/>
  <testcase name="testHashCodeInegalite(Element, Element)[492]" classname="fr.eseo.e3.poo.projet.blox.modele.pieces.ElementTest" time="0.001"/>
  <testcase name="testHashCodeInegalite(Element, Element)[493]" classname="fr.eseo.e3.poo.projet.blox.modele.pieces.ElementTest" time="0.0"/>
  <testcase name="testHashCodeInegalite(Element, Element)[494]" classname="fr.eseo.e3.poo.projet.blox.modele.pieces.ElementTest" time="0.001"/>
  <testcase name="testHashCodeInegalite(Element, Element)[495]" classname="fr.eseo.e3.poo.projet.blox.modele.pieces.ElementTest" time="0.0"/>
  <testcase name="testHashCodeInegalite(Element, Element)[496]" classname="fr.eseo.e3.poo.projet.blox.modele.pieces.ElementTest" time="0.0"/>
  <testcase name="testHashCodeInegalite(Element, Element)[497]" classname="fr.eseo.e3.poo.projet.blox.modele.pieces.ElementTest" time="0.0"/>
  <testcase name="testHashCodeInegalite(Element, Element)[498]" classname="fr.eseo.e3.poo.projet.blox.modele.pieces.ElementTest" time="0.0"/>
  <testcase name="testHashCodeInegalite(Element, Element)[499]" classname="fr.eseo.e3.poo.projet.blox.modele.pieces.ElementTest" time="0.0"/>
  <testcase name="testHashCodeInegalite(Element, Element)[500]" classname="fr.eseo.e3.poo.projet.blox.modele.pieces.ElementTest" time="0.0"/>
  <testcase name="testHashCodeInegalite(Element, Element)[501]" classname="fr.eseo.e3.poo.projet.blox.modele.pieces.ElementTest" time="0.0"/>
  <testcase name="testHashCodeInegalite(Element, Element)[502]" classname="fr.eseo.e3.poo.projet.blox.modele.pieces.ElementTest" time="0.0"/>
  <testcase name="testHashCodeInegalite(Element, Element)[503]" classname="fr.eseo.e3.poo.projet.blox.modele.pieces.ElementTest" time="0.001"/>
  <testcase name="testHashCodeInegalite(Element, Element)[504]" classname="fr.eseo.e3.poo.projet.blox.modele.pieces.ElementTest" time="0.001"/>
  <testcase name="testHashCodeInegalite(Element, Element)[505]" classname="fr.eseo.e3.poo.projet.blox.modele.pieces.ElementTest" time="0.0"/>
  <testcase name="testHashCodeInegalite(Element, Element)[506]" classname="fr.eseo.e3.poo.projet.blox.modele.pieces.ElementTest" time="0.001"/>
  <testcase name="testHashCodeInegalite(Element, Element)[507]" classname="fr.eseo.e3.poo.projet.blox.modele.pieces.ElementTest" time="0.001"/>
  <testcase name="testHashCodeInegalite(Element, Element)[508]" classname="fr.eseo.e3.poo.projet.blox.modele.pieces.ElementTest" time="0.0"/>
  <testcase name="testHashCodeInegalite(Element, Element)[509]" classname="fr.eseo.e3.poo.projet.blox.modele.pieces.ElementTest" time="0.0"/>
  <testcase name="testHashCodeInegalite(Element, Element)[510]" classname="fr.eseo.e3.poo.projet.blox.modele.pieces.ElementTest" time="0.002"/>
  <testcase name="testHashCodeInegalite(Element, Element)[511]" classname="fr.eseo.e3.poo.projet.blox.modele.pieces.ElementTest" time="0.0"/>
  <testcase name="testHashCodeInegalite(Element, Element)[512]" classname="fr.eseo.e3.poo.projet.blox.modele.pieces.ElementTest" time="0.001"/>
  <testcase name="testHashCodeInegalite(Element, Element)[513]" classname="fr.eseo.e3.poo.projet.blox.modele.pieces.ElementTest" time="0.001"/>
  <testcase name="testHashCodeInegalite(Element, Element)[514]" classname="fr.eseo.e3.poo.projet.blox.modele.pieces.ElementTest" time="0.0"/>
  <testcase name="testHashCodeInegalite(Element, Element)[515]" classname="fr.eseo.e3.poo.projet.blox.modele.pieces.ElementTest" time="0.0"/>
  <testcase name="testHashCodeInegalite(Element, Element)[516]" classname="fr.eseo.e3.poo.projet.blox.modele.pieces.ElementTest" time="0.001"/>
  <testcase name="testHashCodeInegalite(Element, Element)[517]" classname="fr.eseo.e3.poo.projet.blox.modele.pieces.ElementTest" time="0.001"/>
  <testcase name="testHashCodeInegalite(Element, Element)[518]" classname="fr.eseo.e3.poo.projet.blox.modele.pieces.ElementTest" time="0.0"/>
  <testcase name="testHashCodeInegalite(Element, Element)[519]" classname="fr.eseo.e3.poo.projet.blox.modele.pieces.ElementTest" time="0.0"/>
  <testcase name="testHashCodeInegalite(Element, Element)[520]" classname="fr.eseo.e3.poo.projet.blox.modele.pieces.ElementTest" time="0.0"/>
  <testcase name="testHashCodeInegalite(Element, Element)[521]" classname="fr.eseo.e3.poo.projet.blox.modele.pieces.ElementTest" time="0.0"/>
  <testcase name="testHashCodeInegalite(Element, Element)[522]" classname="fr.eseo.e3.poo.projet.blox.modele.pieces.ElementTest" time="0.001"/>
  <testcase name="testHashCodeInegalite(Element, Element)[523]" classname="fr.eseo.e3.poo.projet.blox.modele.pieces.ElementTest" time="0.001"/>
  <testcase name="testHashCodeInegalite(Element, Element)[524]" classname="fr.eseo.e3.poo.projet.blox.modele.pieces.ElementTest" time="0.001"/>
  <testcase name="testHashCodeInegalite(Element, Element)[525]" classname="fr.eseo.e3.poo.projet.blox.modele.pieces.ElementTest" time="0.0"/>
  <testcase name="testHashCodeInegalite(Element, Element)[526]" classname="fr.eseo.e3.poo.projet.blox.modele.pieces.ElementTest" time="0.0"/>
  <testcase name="testHashCodeInegalite(Element, Element)[527]" classname="fr.eseo.e3.poo.projet.blox.modele.pieces.ElementTest" time="0.0"/>
  <testcase name="testHashCodeInegalite(Element, Element)[528]" classname="fr.eseo.e3.poo.projet.blox.modele.pieces.ElementTest" time="0.001"/>
  <testcase name="testHashCodeInegalite(Element, Element)[529]" classname="fr.eseo.e3.poo.projet.blox.modele.pieces.ElementTest" time="0.0"/>
  <testcase name="testHashCodeInegalite(Element, Element)[530]" classname="fr.eseo.e3.poo.projet.blox.modele.pieces.ElementTest" time="0.001"/>
  <testcase name="testHashCodeInegalite(Element, Element)[531]" classname="fr.eseo.e3.poo.projet.blox.modele.pieces.ElementTest" time="0.0"/>
  <testcase name="testHashCodeInegalite(Element, Element)[532]" classname="fr.eseo.e3.poo.projet.blox.modele.pieces.ElementTest" time="0.0"/>
  <testcase name="testHashCodeInegalite(Element, Element)[533]" classname="fr.eseo.e3.poo.projet.blox.modele.pieces.ElementTest" time="0.0"/>
  <testcase name="testHashCodeInegalite(Element, Element)[534]" classname="fr.eseo.e3.poo.projet.blox.modele.pieces.ElementTest" time="0.001"/>
  <testcase name="testHashCodeInegalite(Element, Element)[535]" classname="fr.eseo.e3.poo.projet.blox.modele.pieces.ElementTest" time="0.001"/>
  <testcase name="testHashCodeInegalite(Element, Element)[536]" classname="fr.eseo.e3.poo.projet.blox.modele.pieces.ElementTest" time="0.001"/>
  <testcase name="testHashCodeInegalite(Element, Element)[537]" classname="fr.eseo.e3.poo.projet.blox.modele.pieces.ElementTest" time="0.001"/>
  <testcase name="testHashCodeInegalite(Element, Element)[538]" classname="fr.eseo.e3.poo.projet.blox.modele.pieces.ElementTest" time="0.0"/>
  <testcase name="testHashCodeInegalite(Element, Element)[539]" classname="fr.eseo.e3.poo.projet.blox.modele.pieces.ElementTest" time="0.001"/>
  <testcase name="testHashCodeInegalite(Element, Element)[540]" classname="fr.eseo.e3.poo.projet.blox.modele.pieces.ElementTest" time="0.001"/>
  <testcase name="testHashCodeInegalite(Element, Element)[541]" classname="fr.eseo.e3.poo.projet.blox.modele.pieces.ElementTest" time="0.0"/>
  <testcase name="testHashCodeInegalite(Element, Element)[542]" classname="fr.eseo.e3.poo.projet.blox.modele.pieces.ElementTest" time="0.0"/>
  <testcase name="testHashCodeInegalite(Element, Element)[543]" classname="fr.eseo.e3.poo.projet.blox.modele.pieces.ElementTest" time="0.001"/>
  <testcase name="testHashCodeInegalite(Element, Element)[544]" classname="fr.eseo.e3.poo.projet.blox.modele.pieces.ElementTest" time="0.0"/>
  <testcase name="testHashCodeInegalite(Element, Element)[545]" classname="fr.eseo.e3.poo.projet.blox.modele.pieces.ElementTest" time="0.0"/>
  <testcase name="testHashCodeInegalite(Element, Element)[546]" classname="fr.eseo.e3.poo.projet.blox.modele.pieces.ElementTest" time="0.001"/>
  <testcase name="testHashCodeInegalite(Element, Element)[547]" classname="fr.eseo.e3.poo.projet.blox.modele.pieces.ElementTest" time="0.0"/>
  <testcase name="testHashCodeInegalite(Element, Element)[548]" classname="fr.eseo.e3.poo.projet.blox.modele.pieces.ElementTest" time="0.0"/>
  <testcase name="testHashCodeInegalite(Element, Element)[549]" classname="fr.eseo.e3.poo.projet.blox.modele.pieces.ElementTest" time="0.0"/>
  <testcase name="testHashCodeInegalite(Element, Element)[550]" classname="fr.eseo.e3.poo.projet.blox.modele.pieces.ElementTest" time="0.001"/>
  <testcase name="testHashCodeInegalite(Element, Element)[551]" classname="fr.eseo.e3.poo.projet.blox.modele.pieces.ElementTest" time="0.001"/>
  <testcase name="testHashCodeInegalite(Element, Element)[552]" classname="fr.eseo.e3.poo.projet.blox.modele.pieces.ElementTest" time="0.0"/>
  <testcase name="testHashCodeInegalite(Element, Element)[553]" classname="fr.eseo.e3.poo.projet.blox.modele.pieces.ElementTest" time="0.0"/>
  <testcase name="testHashCodeInegalite(Element, Element)[554]" classname="fr.eseo.e3.poo.projet.blox.modele.pieces.ElementTest" time="0.001"/>
[...]
  <testcase name="testEqualNonEgalite(Element, Element)[2819]" classname="fr.eseo.e3.poo.projet.blox.modele.pieces.ElementTest" time="0.0"/>
  <testcase name="testEqualNonEgalite(Element, Element)[2820]" classname="fr.eseo.e3.poo.projet.blox.modele.pieces.ElementTest" time="0.0"/>
  <testcase name="testEqualNonEgalite(Element, Element)[2821]" classname="fr.eseo.e3.poo.projet.blox.modele.pieces.ElementTest" time="0.001"/>
  <testcase name="testEqualNonEgalite(Element, Element)[2822]" classname="fr.eseo.e3.poo.projet.blox.modele.pieces.ElementTest" time="0.0"/>
  <testcase name="testEqualNonEgalite(Element, Element)[2823]" classname="fr.eseo.e3.poo.projet.blox.modele.pieces.ElementTest" time="0.0"/>
  <testcase name="testEqualNonEgalite(Element, Element)[2824]" classname="fr.eseo.e3.poo.projet.blox.modele.pieces.ElementTest" time="0.001"/>
  <testcase name="testEqualNonEgalite(Element, Element)[2825]" classname="fr.eseo.e3.poo.projet.blox.modele.pieces.ElementTest" time="0.0"/>
  <testcase name="testEqualNonEgalite(Element, Element)[2826]" classname="fr.eseo.e3.poo.projet.blox.modele.pieces.ElementTest" time="0.0"/>
  <testcase name="testEqualNonEgalite(Element, Element)[2827]" classname="fr.eseo.e3.poo.projet.blox.modele.pieces.ElementTest" time="0.0"/>
  <testcase name="testEqualNonEgalite(Element, Element)[2828]" classname="fr.eseo.e3.poo.projet.blox.modele.pieces.ElementTest" time="0.0"/>
  <testcase name="testEqualNonEgalite(Element, Element)[2829]" classname="fr.eseo.e3.poo.projet.blox.modele.pieces.ElementTest" time="0.0"/>
  <testcase name="testEqualNonEgalite(Element, Element)[2830]" classname="fr.eseo.e3.poo.projet.blox.modele.pieces.ElementTest" time="0.001"/>
  <testcase name="testEqualNonEgalite(Element, Element)[2831]" classname="fr.eseo.e3.poo.projet.blox.modele.pieces.ElementTest" time="0.0"/>
  <testcase name="testEqualNonEgalite(Element, Element)[2832]" classname="fr.eseo.e3.poo.projet.blox.modele.pieces.ElementTest" time="0.0"/>
  <testcase name="testEqualNonEgalite(Element, Element)[2833]" classname="fr.eseo.e3.poo.projet.blox.modele.pieces.ElementTest" time="0.0"/>
  <testcase name="testEqualNonEgalite(Element, Element)[2834]" classname="fr.eseo.e3.poo.projet.blox.modele.pieces.ElementTest" time="0.0"/>
  <testcase name="testEqualNonEgalite(Element, Element)[2835]" classname="fr.eseo.e3.poo.projet.blox.modele.pieces.ElementTest" time="0.001"/>
  <testcase name="testEqualNonEgalite(Element, Element)[2836]" classname="fr.eseo.e3.poo.projet.blox.modele.pieces.ElementTest" time="0.0"/>
  <testcase name="testEqualNonEgalite(Element, Element)[2837]" classname="fr.eseo.e3.poo.projet.blox.modele.pieces.ElementTest" time="0.0"/>
  <testcase name="testEqualNonEgalite(Element, Element)[2838]" classname="fr.eseo.e3.poo.projet.blox.modele.pieces.ElementTest" time="0.0"/>
  <testcase name="testEqualNonEgalite(Element, Element)[2839]" classname="fr.eseo.e3.poo.projet.blox.modele.pieces.ElementTest" time="0.0"/>
  <testcase name="testEqualNonEgalite(Element, Element)[2840]" classname="fr.eseo.e3.poo.projet.blox.modele.pieces.ElementTest" time="0.0"/>
  <testcase name="testEqualNonEgalite(Element, Element)[2841]" classname="fr.eseo.e3.poo.projet.blox.modele.pieces.ElementTest" time="0.0"/>
  <testcase name="testEqualNonEgalite(Element, Element)[2842]" classname="fr.eseo.e3.poo.projet.blox.modele.pieces.ElementTest" time="0.001"/>
  <testcase name="testEqualNonEgalite(Element, Element)[2843]" classname="fr.eseo.e3.poo.projet.blox.modele.pieces.ElementTest" time="0.0"/>
  <testcase name="testEqualNonEgalite(Element, Element)[2844]" classname="fr.eseo.e3.poo.projet.blox.modele.pieces.ElementTest" time="0.0"/>
  <testcase name="testEqualNonEgalite(Element, Element)[2845]" classname="fr.eseo.e3.poo.projet.blox.modele.pieces.ElementTest" time="0.0"/>
  <testcase name="testEqualNonEgalite(Element, Element)[2846]" classname="fr.eseo.e3.poo.projet.blox.modele.pieces.ElementTest" time="0.0"/>
  <testcase name="testEqualNonEgalite(Element, Element)[2847]" classname="fr.eseo.e3.poo.projet.blox.modele.pieces.ElementTest" time="0.001"/>
  <testcase name="testEqualNonEgalite(Element, Element)[2848]" classname="fr.eseo.e3.poo.projet.blox.modele.pieces.ElementTest" time="0.0"/>
  <testcase name="testEqualNonEgalite(Element, Element)[2849]" classname="fr.eseo.e3.poo.projet.blox.modele.pieces.ElementTest" time="0.001"/>
  <testcase name="testEqualNonEgalite(Element, Element)[2850]" classname="fr.eseo.e3.poo.projet.blox.modele.pieces.ElementTest" time="0.0"/>
  <testcase name="testEqualNonEgalite(Element, Element)[2851]" classname="fr.eseo.e3.poo.projet.blox.modele.pieces.ElementTest" time="0.0"/>
  <testcase name="testEqualNonEgalite(Element, Element)[2852]" classname="fr.eseo.e3.poo.projet.blox.modele.pieces.ElementTest" time="0.0"/>
  <testcase name="testEqualNonEgalite(Element, Element)[2853]" classname="fr.eseo.e3.poo.projet.blox.modele.pieces.ElementTest" time="0.0"/>
  <testcase name="testEqualNonEgalite(Element, Element)[2854]" classname="fr.eseo.e3.poo.projet.blox.modele.pieces.ElementTest" time="0.0"/>
  <testcase name="testEqualNonEgalite(Element, Element)[2855]" classname="fr.eseo.e3.poo.projet.blox.modele.pieces.ElementTest" time="0.0"/>
  <testcase name="testEqualNonEgalite(Element, Element)[2856]" classname="fr.eseo.e3.poo.projet.blox.modele.pieces.ElementTest" time="0.0"/>
  <testcase name="testEqualNonEgalite(Element, Element)[2857]" classname="fr.eseo.e3.poo.projet.blox.modele.pieces.ElementTest" time="0.0"/>
  <testcase name="testEqualNonEgalite(Element, Element)[2858]" classname="fr.eseo.e3.poo.projet.blox.modele.pieces.ElementTest" time="0.001"/>
  <testcase name="testEqualNonEgalite(Element, Element)[2859]" classname="fr.eseo.e3.poo.projet.blox.modele.pieces.ElementTest" time="0.0"/>
  <testcase name="testEqualNonEgalite(Element, Element)[2860]" classname="fr.eseo.e3.poo.projet.blox.modele.pieces.ElementTest" time="0.0"/>
  <testcase name="testEqualNonEgalite(Element, Element)[2861]" classname="fr.eseo.e3.poo.projet.blox.modele.pieces.ElementTest" time="0.0"/>
  <testcase name="testEqualNonEgalite(Element, Element)[2862]" classname="fr.eseo.e3.poo.projet.blox.modele.pieces.ElementTest" time="0.0"/>
  <testcase name="testEqualNonEgalite(Element, Element)[2863]" classname="fr.eseo.e3.poo.projet.blox.modele.pieces.ElementTest" time="0.0"/>
  <testcase name="testEqualNonEgalite(Element, Element)[2864]" classname="fr.eseo.e3.poo.projet.blox.modele.pieces.ElementTest" time="0.0"/>
  <testcase name="testEqualNonEgalite(Element, Element)[2865]" classname="fr.eseo.e3.poo.projet.blox.modele.pieces.ElementTest" time="0.001"/>
  <testcase name="testEqualNonEgalite(Element, Element)[2866]" classname="fr.eseo.e3.poo.projet.blox.modele.pieces.ElementTest" time="0.0"/>
  <testcase name="testEqualNonEgalite(Element, Element)[2867]" classname="fr.eseo.e3.poo.projet.blox.modele.pieces.ElementTest" time="0.0"/>
  <testcase name="testEqualNonEgalite(Element, Element)[2868]" classname="fr.eseo.e3.poo.projet.blox.modele.pieces.ElementTest" time="0.001"/>
  <testcase name="testEqualNonEgalite(Element, Element)[2869]" classname="fr.eseo.e3.poo.projet.blox.modele.pieces.ElementTest" time="0.0"/>
  <testcase name="testEqualNonEgalite(Element, Element)[2870]" classname="fr.eseo.e3.poo.projet.blox.modele.pieces.ElementTest" time="0.0"/>
  <testcase name="testEqualNonEgalite(Element, Element)[2871]" classname="fr.eseo.e3.poo.projet.blox.modele.pieces.ElementTest" time="0.0"/>
  <testcase name="testEqualNonEgalite(Element, Element)[2872]" classname="fr.eseo.e3.poo.projet.blox.modele.pieces.ElementTest" time="0.0"/>
  <testcase name="testEqualNonEgalite(Element, Element)[2873]" classname="fr.eseo.e3.poo.projet.blox.modele.pieces.ElementTest" time="0.001"/>
  <testcase name="testEqualNonEgalite(Element, Element)[2874]" classname="fr.eseo.e3.poo.projet.blox.modele.pieces.ElementTest" time="0.0"/>
  <testcase name="testEqualNonEgalite(Element, Element)[2875]" classname="fr.eseo.e3.poo.projet.blox.modele.pieces.ElementTest" time="0.0"/>
  <testcase name="testEqualNonEgalite(Element, Element)[2876]" classname="fr.eseo.e3.poo.projet.blox.modele.pieces.ElementTest" time="0.0"/>
  <testcase name="testEqualNonEgalite(Element, Element)[2877]" classname="fr.eseo.e3.poo.projet.blox.modele.pieces.ElementTest" time="0.0"/>
  <testcase name="testEqualNonEgalite(Element, Element)[2878]" classname="fr.eseo.e3.poo.projet.blox.modele.pieces.ElementTest" time="0.0"/>
  <testcase name="testEqualNonEgalite(Element, Element)[2879]" classname="fr.eseo.e3.poo.projet.blox.modele.pieces.ElementTest" time="0.0"/>
  <testcase name="testEqualNonEgalite(Element, Element)[2880]" classname="fr.eseo.e3.poo.projet.blox.modele.pieces.ElementTest" time="0.0"/>
  <testcase name="testEqualNonEgalite(Element, Element)[2881]" classname="fr.eseo.e3.poo.projet.blox.modele.pieces.ElementTest" time="0.0"/>
  <testcase name="testEqualNonEgalite(Element, Element)[2882]" classname="fr.eseo.e3.poo.projet.blox.modele.pieces.ElementTest" time="0.0"/>
  <testcase name="testEqualNonEgalite(Element, Element)[2883]" classname="fr.eseo.e3.poo.projet.blox.modele.pieces.ElementTest" time="0.001"/>
  <testcase name="testEqualNonEgalite(Element, Element)[2884]" classname="fr.eseo.e3.poo.projet.blox.modele.pieces.ElementTest" time="0.0"/>
  <testcase name="testEqualNonEgalite(Element, Element)[2885]" classname="fr.eseo.e3.poo.projet.blox.modele.pieces.ElementTest" time="0.0"/>
  <testcase name="testEqualNonEgalite(Element, Element)[2886]" classname="fr.eseo.e3.poo.projet.blox.modele.pieces.ElementTest" time="0.0"/>
  <testcase name="testEqualNonEgalite(Element, Element)[2887]" classname="fr.eseo.e3.poo.projet.blox.modele.pieces.ElementTest" time="0.0"/>
  <testcase name="testEqualNonEgalite(Element, Element)[2888]" classname="fr.eseo.e3.poo.projet.blox.modele.pieces.ElementTest" time="0.0"/>
  <testcase name="testEqualNonEgalite(Element, Element)[2889]" classname="fr.eseo.e3.poo.projet.blox.modele.pieces.ElementTest" time="0.0"/>
  <testcase name="testEqualNonEgalite(Element, Element)[2890]" classname="fr.eseo.e3.poo.projet.blox.modele.pieces.ElementTest" time="0.0"/>
  <testcase name="testEqualNonEgalite(Element, Element)[2891]" classname="fr.eseo.e3.poo.projet.blox.modele.pieces.ElementTest" time="0.0"/>
  <testcase name="testEqualNonEgalite(Element, Element)[2892]" classname="fr.eseo.e3.poo.projet.blox.modele.pieces.ElementTest" time="0.0"/>
  <testcase name="testEqualNonEgalite(Element, Element)[2893]" classname="fr.eseo.e3.poo.projet.blox.modele.pieces.ElementTest" time="0.0"/>
  <testcase name="testEqualNonEgalite(Element, Element)[2894]" classname="fr.eseo.e3.poo.projet.blox.modele.pieces.ElementTest" time="0.0"/>
  <testcase name="testEqualNonEgalite(Element, Element)[2895]" classname="fr.eseo.e3.poo.projet.blox.modele.pieces.ElementTest" time="0.0"/>
  <testcase name="testEqualNonEgalite(Element, Element)[2896]" classname="fr.eseo.e3.poo.projet.blox.modele.pieces.ElementTest" time="0.0"/>
  <testcase name="testEqualNonEgalite(Element, Element)[2897]" classname="fr.eseo.e3.poo.projet.blox.modele.pieces.ElementTest" time="0.0"/>
  <testcase name="testEqualNonEgalite(Element, Element)[2898]" classname="fr.eseo.e3.poo.projet.blox.modele.pieces.ElementTest" time="0.0"/>
  <testcase name="testEqualNonEgalite(Element, Element)[2899]" classname="fr.eseo.e3.poo.projet.blox.modele.pieces.ElementTest" time="0.0"/>
  <testcase name="testEqualNonEgalite(Element, Element)[2900]" classname="fr.eseo.e3.poo.projet.blox.modele.pieces.ElementTest" time="0.0"/>
  <testcase name="testEqualNonEgalite(Element, Element)[2901]" classname="fr.eseo.e3.poo.projet.blox.modele.pieces.ElementTest" time="0.0"/>
  <testcase name="testEqualNonEgalite(Element, Element)[2902]" classname="fr.eseo.e3.poo.projet.blox.modele.pieces.ElementTest" time="0.0"/>
  <testcase name="testEqualNonEgalite(Element, Element)[2903]" classname="fr.eseo.e3.poo.projet.blox.modele.pieces.ElementTest" time="0.001"/>
  <testcase name="testEqualNonEgalite(Element, Element)[2904]" classname="fr.eseo.e3.poo.projet.blox.modele.pieces.ElementTest" time="0.0"/>
  <testcase name="testEqualNonEgalite(Element, Element)[2905]" classname="fr.eseo.e3.poo.projet.blox.modele.pieces.ElementTest" time="0.001"/>
  <testcase name="testEqualNonEgalite(Element, Element)[2906]" classname="fr.eseo.e3.poo.projet.blox.modele.pieces.ElementTest" time="0.0"/>
  <testcase name="testEqualNonEgalite(Element, Element)[2907]" classname="fr.eseo.e3.poo.projet.blox.modele.pieces.ElementTest" time="0.0"/>
  <testcase name="testEqualNonEgalite(Element, Element)[2908]" classname="fr.eseo.e3.poo.projet.blox.modele.pieces.ElementTest" time="0.0"/>
  <testcase name="testEqualNonEgalite(Element, Element)[2909]" classname="fr.eseo.e3.poo.projet.blox.modele.pieces.ElementTest" time="0.0"/>
  <testcase name="testEqualNonEgalite(Element, Element)[2910]" classname="fr.eseo.e3.poo.projet.blox.modele.pieces.ElementTest" time="0.0"/>
  <testcase name="testEqualNonEgalite(Element, Element)[2911]" classname="fr.eseo.e3.poo.projet.blox.modele.pieces.ElementTest" time="0.0"/>
  <testcase name="testEqualNonEgalite(Element, Element)[2912]" classname="fr.eseo.e3.poo.projet.blox.modele.pieces.ElementTest" time="0.0"/>
  <testcase name="testEqualNonEgalite(Element, Element)[2913]" classname="fr.eseo.e3.poo.projet.blox.modele.pieces.ElementTest" time="0.0"/>
  <testcase name="testEqualNonEgalite(Element, Element)[2914]" classname="fr.eseo.e3.poo.projet.blox.modele.pieces.ElementTest" time="0.0"/>
  <testcase name="testEqualNonEgalite(Element, Element)[2915]" classname="fr.eseo.e3.poo.projet.blox.modele.pieces.ElementTest" time="0.0"/>
  <testcase name="testEqualNonEgalite(Element, Element)[2916]" classname="fr.eseo.e3.poo.projet.blox.modele.pieces.ElementTest" time="0.0"/>
  <testcase name="testEqualNonEgalite(Element, Element)[2917]" classname="fr.eseo.e3.poo.projet.blox.modele.pieces.ElementTest" time="0.0"/>
  <testcase name="testEqualNonEgalite(Element, Element)[2918]" classname="fr.eseo.e3.poo.projet.blox.modele.pieces.ElementTest" time="0.0"/>
  <testcase name="testEqualNonEgalite(Element, Element)[2919]" classname="fr.eseo.e3.poo.projet.blox.modele.pieces.ElementTest" time="0.0"/>
  <testcase name="testEqualNonEgalite(Element, Element)[2920]" classname="fr.eseo.e3.poo.projet.blox.modele.pieces.ElementTest" time="0.0"/>
  <testcase name="testEqualNonEgalite(Element, Element)[2921]" classname="fr.eseo.e3.poo.projet.blox.modele.pieces.ElementTest" time="0.0"/>
  <testcase name="testEqualNonEgalite(Element, Element)[2922]" classname="fr.eseo.e3.poo.projet.blox.modele.pieces.ElementTest" time="0.0"/>
  <testcase name="testEqualNonEgalite(Element, Element)[2923]" classname="fr.eseo.e3.poo.projet.blox.modele.pieces.ElementTest" time="0.0"/>
  <testcase name="testEqualNonEgalite(Element, Element)[2924]" classname="fr.eseo.e3.poo.projet.blox.modele.pieces.ElementTest" time="0.0"/>
  <testcase name="testEqualNonEgalite(Element, Element)[2925]" classname="fr.eseo.e3.poo.projet.blox.modele.pieces.ElementTest" time="0.0"/>
  <testcase name="testEqualNonEgalite(Element, Element)[2926]" classname="fr.eseo.e3.poo.projet.blox.modele.pieces.ElementTest" time="0.0"/>
  <testcase name="testEqualNonEgalite(Element, Element)[2927]" classname="fr.eseo.e3.poo.projet.blox.modele.pieces.ElementTest" time="0.0"/>
  <testcase name="testEqualNonEgalite(Element, Element)[2928]" classname="fr.eseo.e3.poo.projet.blox.modele.pieces.ElementTest" time="0.0"/>
  <testcase name="testEqualNonEgalite(Element, Element)[2929]" classname="fr.eseo.e3.poo.projet.blox.modele.pieces.ElementTest" time="0.0"/>
  <testcase name="testEqualNonEgalite(Element, Element)[2930]" classname="fr.eseo.e3.poo.projet.blox.modele.pieces.ElementTest" time="0.001"/>
  <testcase name="testEqualNonEgalite(Element, Element)[2931]" classname="fr.eseo.e3.poo.projet.blox.modele.pieces.ElementTest" time="0.0"/>
  <testcase name="testEqualNonEgalite(Element, Element)[2932]" classname="fr.eseo.e3.poo.projet.blox.modele.pieces.ElementTest" time="0.0"/>
  <testcase name="testEqualNonEgalite(Element, Element)[2933]" classname="fr.eseo.e3.poo.projet.blox.modele.pieces.ElementTest" time="0.001"/>
  <testcase name="testEqualNonEgalite(Element, Element)[2934]" classname="fr.eseo.e3.poo.projet.blox.modele.pieces.ElementTest" time="0.0"/>
  <testcase name="testEqualNonEgalite(Element, Element)[2935]" classname="fr.eseo.e3.poo.projet.blox.modele.pieces.ElementTest" time="0.0"/>
  <testcase name="testEqualNonEgalite(Element, Element)[2936]" classname="fr.eseo.e3.poo.projet.blox.modele.pieces.ElementTest" time="0.0"/>
  <testcase name="testEqualNonEgalite(Element, Element)[2937]" classname="fr.eseo.e3.poo.projet.blox.modele.pieces.ElementTest" time="0.0"/>
  <testcase name="testEqualNonEgalite(Element, Element)[2938]" classname="fr.eseo.e3.poo.projet.blox.modele.pieces.ElementTest" time="0.0"/>
  <testcase name="testEqualNonEgalite(Element, Element)[2939]" classname="fr.eseo.e3.poo.projet.blox.modele.pieces.ElementTest" time="0.0"/>
  <testcase name="testEqualNonEgalite(Element, Element)[2940]" classname="fr.eseo.e3.poo.projet.blox.modele.pieces.ElementTest" time="0.0"/>
  <testcase name="testEqualNonEgalite(Element, Element)[2941]" classname="fr.eseo.e3.poo.projet.blox.modele.pieces.ElementTest" time="0.0"/>
  <testcase name="testEqualNonEgalite(Element, Element)[2942]" classname="fr.eseo.e3.poo.projet.blox.modele.pieces.ElementTest" time="0.0"/>
  <testcase name="testEqualNonEgalite(Element, Element)[2943]" classname="fr.eseo.e3.poo.projet.blox.modele.pieces.ElementTest" time="0.0"/>
  <testcase name="testEqualNonEgalite(Element, Element)[2944]" classname="fr.eseo.e3.poo.projet.blox.modele.pieces.ElementTest" time="0.001"/>
  <testcase name="testEqualNonEgalite(Element, Element)[2945]" classname="fr.eseo.e3.poo.projet.blox.modele.pieces.ElementTest" time="0.0"/>
  <testcase name="testEqualNonEgalite(Element, Element)[2946]" classname="fr.eseo.e3.poo.projet.blox.modele.pieces.ElementTest" time="0.0"/>
  <testcase name="testEqualNonEgalite(Element, Element)[2947]" classname="fr.eseo.e3.poo.projet.blox.modele.pieces.ElementTest" time="0.0"/>
  <testcase name="testEqualNonEgalite(Element, Element)[2948]" classname="fr.eseo.e3.poo.projet.blox.modele.pieces.ElementTest" time="0.001"/>
  <testcase name="testEqualNonEgalite(Element, Element)[2949]" classname="fr.eseo.e3.poo.projet.blox.modele.pieces.ElementTest" time="0.0"/>
  <testcase name="testEqualNonEgalite(Element, Element)[2950]" classname="fr.eseo.e3.poo.projet.blox.modele.pieces.ElementTest" time="0.0"/>
  <testcase name="testHashCodeConstant" classname="fr.eseo.e3.poo.projet.blox.modele.pieces.ElementTest" time="0.001"/>
  <testcase name="testDeplacerDe(int, int)[1]" classname="fr.eseo.e3.poo.projet.blox.modele.pieces.ElementTest" time="0.001"/>
  <testcase name="testDeplacerDe(int, int)[2]" classname="fr.eseo.e3.poo.projet.blox.modele.pieces.ElementTest" time="0.0"/>
  <testcase name="testDeplacerDe(int, int)[3]" classname="fr.eseo.e3.poo.projet.blox.modele.pieces.ElementTest" time="0.0"/>
  <testcase name="testDeplacerDe(int, int)[4]" classname="fr.eseo.e3.poo.projet.blox.modele.pieces.ElementTest" time="0.0"/>
  <testcase name="testDeplacerDe(int, int)[5]" classname="fr.eseo.e3.poo.projet.blox.modele.pieces.ElementTest" time="0.0"/>
  <testcase name="testDeplacerDe(int, int)[6]" classname="fr.eseo.e3.poo.projet.blox.modele.pieces.ElementTest" time="0.001"/>
  <testcase name="testConstructeurIntIntCouleur" classname="fr.eseo.e3.poo.projet.blox.modele.pieces.ElementTest" time="0.0"/>
  <testcase name="testEqualTransitivite" classname="fr.eseo.e3.poo.projet.blox.modele.pieces.ElementTest" time="0.001"/>
  <testcase name="testConstructeurIntInt_DefCouleur" classname="fr.eseo.e3.poo.projet.blox.modele.pieces.ElementTest" time="0.0"/>
</testsuite>