<?xml version="1.0" encoding="UTF-8"?>
<testsuite xmlns:xsi="http://www.w3.org/2001/XMLSchema-instance" xsi:noNamespaceSchemaLocation="https://maven.apache.org/surefire/maven-surefire-plugin/xsd/surefire-test-report-3.0.xsd" version="3.0" name="fr.eseo.e3.poo.projet.blox.modele.pieces.tetrominos.TetrominoTest$testGenerer" time="0.037" tests="4" errors="0" skipped="0" failures="3">
  <properties>
    <property name="java.specification.version" value="23"/>
    <property name="sun.cpu.isalist" value="amd64"/>
    <property name="sun.jnu.encoding" value="Cp1252"/>
    <property name="java.class.path" value="C:\Users\floal\Documents\General\Cours\Sup\Eseo\E3e\S2\PDLO\Projet Tetris\tetris\target\test-classes;C:\Users\floal\Documents\General\Cours\Sup\Eseo\E3e\S2\PDLO\Projet Tetris\tetris\target\classes;C:\Users\floal\.m2\repository\org\junit\jupiter\junit-jupiter\5.12.0\junit-jupiter-5.12.0.jar;C:\Users\floal\.m2\repository\org\junit\jupiter\junit-jupiter-api\5.12.0\junit-jupiter-api-5.12.0.jar;C:\Users\floal\.m2\repository\org\opentest4j\opentest4j\1.3.0\opentest4j-1.3.0.jar;C:\Users\floal\.m2\repository\org\junit\platform\junit-platform-commons\1.12.0\junit-platform-commons-1.12.0.jar;C:\Users\floal\.m2\repository\org\apiguardian\apiguardian-api\1.1.2\apiguardian-api-1.1.2.jar;C:\Users\floal\.m2\repository\org\junit\jupiter\junit-jupiter-params\5.12.0\junit-jupiter-params-5.12.0.jar;C:\Users\floal\.m2\repository\org\junit\jupiter\junit-jupiter-engine\5.12.0\junit-jupiter-engine-5.12.0.jar;C:\Users\floal\.m2\repository\org\junit\platform\junit-platform-engine\1.12.0\junit-platform-engine-1.12.0.jar;C:\Users\floal\.m2\repository\org\reflections\reflections\0.10.2\reflections-0.10.2.jar;C:\Users\floal\.m2\repository\org\javassist\javassist\3.28.0-GA\javassist-3.28.0-GA.jar;C:\Users\floal\.m2\repository\com\google\code\findbugs\jsr305\3.0.2\jsr305-3.0.2.jar;C:\Users\floal\.m2\repository\org\slf4j\slf4j-api\1.7.32\slf4j-api-1.7.32.jar;"/>
    <property name="java.vm.vendor" value="Oracle Corporation"/>
    <property name="sun.arch.data.model" value="64"/>
    <property name="user.variant" value=""/>
    <property name="java.vendor.url" value="https://java.oracle.com/"/>
    <property name="user.timezone" value="Europe/Paris"/>
    <property name="os.name" value="Windows 11"/>
    <property name="java.vm.specification.version" value="23"/>
    <property name="user.country" value="FR"/>
    <property name="sun.java.launcher" value="SUN_STANDARD"/>
    <property name="sun.boot.library.path" value="C:\Program Files\Java\jdk-23\bin"/>
    <property name="sun.java.command" value="C:\Users\floal\AppData\Local\Temp\surefire417635715777071681\surefirebooter-20250428154412861_3.jar C:\Users\floal\AppData\Local\Temp\surefire417635715777071681 2025-04-28T15-44-12_677-jvmRun1 surefire-20250428154412861_1tmp surefire_0-20250428154412861_2tmp"/>
    <property name="jdk.debug" value="release"/>
    <property name="test" value="fr.eseo.e3.poo.projet.blox.modele.pieces.tetrominos.OTetrominoTest"/>
    <property name="surefire.test.class.path" value="C:\Users\floal\Documents\General\Cours\Sup\Eseo\E3e\S2\PDLO\Projet Tetris\tetris\target\test-classes;C:\Users\floal\Documents\General\Cours\Sup\Eseo\E3e\S2\PDLO\Projet Tetris\tetris\target\classes;C:\Users\floal\.m2\repository\org\junit\jupiter\junit-jupiter\5.12.0\junit-jupiter-5.12.0.jar;C:\Users\floal\.m2\repository\org\junit\jupiter\junit-jupiter-api\5.12.0\junit-jupiter-api-5.12.0.jar;C:\Users\floal\.m2\repository\org\opentest4j\opentest4j\1.3.0\opentest4j-1.3.0.jar;C:\Users\floal\.m2\repository\org\junit\platform\junit-platform-commons\1.12.0\junit-platform-commons-1.12.0.jar;C:\Users\floal\.m2\repository\org\apiguardian\apiguardian-api\1.1.2\apiguardian-api-1.1.2.jar;C:\Users\floal\.m2\repository\org\junit\jupiter\junit-jupiter-params\5.12.0\junit-jupiter-params-5.12.0.jar;C:\Users\floal\.m2\repository\org\junit\jupiter\junit-jupiter-engine\5.12.0\junit-jupiter-engine-5.12.0.jar;C:\Users\floal\.m2\repository\org\junit\platform\junit-platform-engine\1.12.0\junit-platform-engine-1.12.0.jar;C:\Users\floal\.m2\repository\org\reflections\reflections\0.10.2\reflections-0.10.2.jar;C:\Users\floal\.m2\repository\org\javassist\javassist\3.28.0-GA\javassist-3.28.0-GA.jar;C:\Users\floal\.m2\repository\com\google\code\findbugs\jsr305\3.0.2\jsr305-3.0.2.jar;C:\Users\floal\.m2\repository\org\slf4j\slf4j-api\1.7.32\slf4j-api-1.7.32.jar;"/>
    <property name="sun.cpu.endian" value="little"/>
    <property name="user.home" value="C:\Users\floal"/>
    <property name="user.language" value="fr"/>
    <property name="java.specification.vendor" value="Oracle Corporation"/>
    <property name="java.version.date" value="2025-01-21"/>
    <property name="java.home" value="C:\Program Files\Java\jdk-23"/>
    <property name="file.separator" value="\"/>
    <property name="basedir" value="C:\Users\floal\Documents\General\Cours\Sup\Eseo\E3e\S2\PDLO\Projet Tetris\tetris"/>
    <property name="java.vm.compressedOopsMode" value="Zero based"/>
    <property name="line.separator" value="&#10;"/>
    <property name="java.vm.specification.vendor" value="Oracle Corporation"/>
    <property name="java.specification.name" value="Java Platform API Specification"/>
    <property name="surefire.real.class.path" value="C:\Users\floal\AppData\Local\Temp\surefire417635715777071681\surefirebooter-20250428154412861_3.jar"/>
    <property name="user.script" value=""/>
    <property name="sun.management.compiler" value="HotSpot 64-Bit Tiered Compilers"/>
    <property name="java.runtime.version" value="23.0.2+7-58"/>
    <property name="user.name" value="Flo"/>
    <property name="stdout.encoding" value="Cp1252"/>
    <property name="path.separator" value=";"/>
    <property name="os.version" value="10.0"/>
    <property name="java.runtime.name" value="Java(TM) SE Runtime Environment"/>
    <property name="file.encoding" value="UTF-8"/>
    <property name="java.vm.name" value="Java HotSpot(TM) 64-Bit Server VM"/>
    <property name="maven.ext.class.path" value="C:\Users\floal\.vscode\extensions\oracle.oracle-java-24.0.0\nbcode\java\maven-nblib\netbeans-eventspy.jar"/>
    <property name="localRepository" value="C:\Users\floal\.m2\repository"/>
    <property name="java.vendor.url.bug" value="https://bugreport.java.com/bugreport/"/>
    <property name="java.io.tmpdir" value="C:\Users\floal\AppData\Local\Temp\"/>
    <property name="java.version" value="23.0.2"/>
    <property name="user.dir" value="C:\Users\floal\Documents\General\Cours\Sup\Eseo\E3e\S2\PDLO\Projet Tetris\tetris"/>
    <property name="os.arch" value="amd64"/>
    <property name="java.vm.specification.name" value="Java Virtual Machine Specification"/>
    <property name="sun.os.patch.level" value=""/>
    <property name="native.encoding" value="Cp1252"/>
    <property name="java.library.path" value="C:\Program Files\Java\jdk-23\bin;C:\Windows\Sun\Java\bin;C:\Windows\system32;C:\Windows;C:\Program Files\NVIDIA GPU Computing Toolkit\CUDA\v11.8\bin;C:\Program Files\NVIDIA GPU Computing Toolkit\CUDA\v11.8\libnvvp;C:\Python313\Scripts\;C:\Python313\;C:\Program Files\Common Files\Oracle\Java\javapath;C:\Program Files (x86)\Common Files\Oracle\Java\java8path;C:\Program Files (x86)\Common Files\Oracle\Java\javapath;C:\Ruby33-x64\bin;C:\Program Files (x86)\Razer Chroma SDK\bin;C:\Program Files\Razer Chroma SDK\bin;C:\Program Files (x86)\Razer\ChromaBroadcast\bin;C:\Program Files\Razer\ChromaBroadcast\bin;C:\Program Files (x86)\VMware\VMware Workstation\bin\;C:\Windows\system32;C:\Windows;C:\Windows\System32\Wbem;C:\Windows\System32\WindowsPowerShell\v1.0\;C:\Windows\System32\OpenSSH\;C:\Program Files\MATLAB\R2024b\bin;C:\Program Files\Git\cmd;C:\xampp\php;;C:\Program Files\Docker\Docker\resources\bin;C:\Windows\system32\config\systemprofile\AppData\Local\Microsoft\WindowsApps;C:\ProgramData\ComposerSetup\bin;C:\Program Files\dotnet\;C:\Program Files\nodejs\;C:\ProgramData\chocolatey\bin;C:\Program Files\Go\bin;C:\Program Files\CMake\bin;C:\Program Files\NVIDIA Corporation\Nsight Compute 2022.3.0\;C:\Program Files (x86)\NVIDIA Corporation\PhysX\Common;C:\Program Files\NVIDIA Corporation\NVIDIA NvDLISR;C:\Users\floal\AppData\Local\Programs\Python\Python312\Scripts\;C:\Users\floal\AppData\Local\Programs\Python\Python312\;C:\Users\floal\AppData\Local\Microsoft\WindowsApps;C:\Users\floal\AppData\Local\Programs\Microsoft VS Code\bin;C:\Program Files\heroku\bin;C:\Users\floal\AppData\Local\Pandoc\;C:\Users\floal\AppData\Local\Programs\MiKTeX\miktex\bin\x64\;C:\Users\floal\AppData\Roaming\Composer\vendor\bin;C:\xampp\php;C:\Program Files\Java\maven\bin;C:\Users\floal\AppData\Local\Packages\PythonSoftwareFoundation.Python.3.11_qbz5n2kfra8p0\LocalCache\local-packages\Python311\Scripts;C:\Users\floal\AppData\Roaming\npm;C:\esp-idf-v5.0.8\tools\;C:\Users\floal\go\bin;C:\Users\floal\.dotnet\tools;C:\Program Files (x86)\Microsoft Visual Studio\2022\BuildTools\VC\Tools\MSVC\14.43.34808\bin\Hostx64\x64;C:\Users\floal\AppData\Roaming\Python\Python313\Scripts;;."/>
    <property name="java.vm.info" value="mixed mode, sharing"/>
    <property name="stderr.encoding" value="Cp1252"/>
    <property name="java.vendor" value="Oracle Corporation"/>
    <property name="java.vm.version" value="23.0.2+7-58"/>
    <property name="sun.io.unicode.encoding" value="UnicodeLittle"/>
    <property name="java.class.version" value="67.0"/>
  </properties>
  <testcase name="testMauvaisNombreParametres" classname="fr.eseo.e3.poo.projet.blox.modele.pieces.tetrominos.TetrominoTest$testGenerer" time="0.004">
    <failure message="Erreur de la méthode generer() dans la classe Tetromino : erreur non levée alors que le nombre d&apos;arguments fournis à la méthode n&apos;est pas le bon ! ==&gt; Unexpected exception type thrown, expected: &lt;java.lang.reflect.InvocationTargetException&gt; but was: &lt;java.lang.IllegalArgumentException&gt;" type="org.opentest4j.AssertionFailedError"><![CDATA[org.opentest4j.AssertionFailedError: Erreur de la méthode generer() dans la classe Tetromino : erreur non levée alors que le nombre d'arguments fournis à la méthode n'est pas le bon ! ==> Unexpected exception type thrown, expected: <java.lang.reflect.InvocationTargetException> but was: <java.lang.IllegalArgumentException>
	at org.junit.jupiter.api.AssertionFailureBuilder.build(AssertionFailureBuilder.java:151)
	at org.junit.jupiter.api.AssertThrows.assertThrows(AssertThrows.java:67)
	at org.junit.jupiter.api.AssertThrows.assertThrows(AssertThrows.java:39)
	at org.junit.jupiter.api.Assertions.assertThrows(Assertions.java:3153)
	at fr.eseo.e3.poo.projet.blox.modele.pieces.tetrominos.TetrominoTest$testGenerer.testMauvaisNombreParametres(TetrominoTest.java:329)
	at java.base/java.lang.reflect.Method.invoke(Method.java:580)
	at java.base/java.util.ArrayList.forEach(ArrayList.java:1597)
	at java.base/java.util.ArrayList.forEach(ArrayList.java:1597)
	at java.base/java.util.ArrayList.forEach(ArrayList.java:1597)
Caused by: java.lang.IllegalArgumentException: Mauvais nombres d'aguments !
	at fr.eseo.e3.poo.projet.blox.modele.pieces.tetrominos.Tetromino.generer(Tetromino.java:136)
	at fr.eseo.e3.poo.projet.blox.modele.pieces.tetrominos.TetrominoTest$testGenerer.lambda$3(TetrominoTest.java:1)
	at org.junit.jupiter.api.AssertThrows.assertThrows(AssertThrows.java:53)
	... 7 more
]]></failure>
  </testcase>
  <testcase name="testMauvaisTypeCoordonne" classname="fr.eseo.e3.poo.projet.blox.modele.pieces.tetrominos.TetrominoTest$testGenerer" time="0.012">
    <failure message="Erreur de la méthode generer() dans la classe Tetromino : erreur non levée alors que le type d&apos;argument n&apos;est pas le bon ==&gt; Unexpected exception type thrown, expected: &lt;java.lang.reflect.InvocationTargetException&gt; but was: &lt;java.lang.IllegalArgumentException&gt;" type="org.opentest4j.AssertionFailedError"><![CDATA[org.opentest4j.AssertionFailedError: Erreur de la méthode generer() dans la classe Tetromino : erreur non levée alors que le type d'argument n'est pas le bon ==> Unexpected exception type thrown, expected: <java.lang.reflect.InvocationTargetException> but was: <java.lang.IllegalArgumentException>
	at org.junit.jupiter.api.AssertionFailureBuilder.build(AssertionFailureBuilder.java:151)
	at org.junit.jupiter.api.AssertThrows.assertThrows(AssertThrows.java:67)
	at org.junit.jupiter.api.AssertThrows.assertThrows(AssertThrows.java:39)
	at org.junit.jupiter.api.Assertions.assertThrows(Assertions.java:3153)
	at fr.eseo.e3.poo.projet.blox.modele.pieces.tetrominos.TetrominoTest$testGenerer.testMauvaisTypeCoordonne(TetrominoTest.java:346)
	at java.base/java.lang.reflect.Method.invoke(Method.java:580)
	at java.base/java.util.ArrayList.forEach(ArrayList.java:1597)
	at java.base/java.util.ArrayList.forEach(ArrayList.java:1597)
	at java.base/java.util.ArrayList.forEach(ArrayList.java:1597)
Caused by: java.lang.IllegalArgumentException: Mauvais types d'arguments !
	at fr.eseo.e3.poo.projet.blox.modele.pieces.tetrominos.Tetromino.generer(Tetromino.java:139)
	at fr.eseo.e3.poo.projet.blox.modele.pieces.tetrominos.TetrominoTest$testGenerer.lambda$1(TetrominoTest.java:348)
	at org.junit.jupiter.api.AssertThrows.assertThrows(AssertThrows.java:53)
	... 7 more
]]></failure>
  </testcase>
  <testcase name="testMauvaisTypeCouleur" classname="fr.eseo.e3.poo.projet.blox.modele.pieces.tetrominos.TetrominoTest$testGenerer" time="0.005">
    <failure message="Erreur de la méthode generer() dans la classe Tetromino : erreur non levée alors que le type d&apos;argument n&apos;est pas le bon ==&gt; Unexpected exception type thrown, expected: &lt;java.lang.reflect.InvocationTargetException&gt; but was: &lt;java.lang.IllegalArgumentException&gt;" type="org.opentest4j.AssertionFailedError"><![CDATA[org.opentest4j.AssertionFailedError: Erreur de la méthode generer() dans la classe Tetromino : erreur non levée alors que le type d'argument n'est pas le bon ==> Unexpected exception type thrown, expected: <java.lang.reflect.InvocationTargetException> but was: <java.lang.IllegalArgumentException>
	at org.junit.jupiter.api.AssertionFailureBuilder.build(AssertionFailureBuilder.java:151)
	at org.junit.jupiter.api.AssertThrows.assertThrows(AssertThrows.java:67)
	at org.junit.jupiter.api.AssertThrows.assertThrows(AssertThrows.java:39)
	at org.junit.jupiter.api.Assertions.assertThrows(Assertions.java:3153)
	at fr.eseo.e3.poo.projet.blox.modele.pieces.tetrominos.TetrominoTest$testGenerer.testMauvaisTypeCouleur(TetrominoTest.java:363)
	at java.base/java.lang.reflect.Method.invoke(Method.java:580)
	at java.base/java.util.ArrayList.forEach(ArrayList.java:1597)
	at java.base/java.util.ArrayList.forEach(ArrayList.java:1597)
	at java.base/java.util.ArrayList.forEach(ArrayList.java:1597)
Caused by: java.lang.IllegalArgumentException: Mauvais types d'arguments !
	at fr.eseo.e3.poo.projet.blox.modele.pieces.tetrominos.Tetromino.generer(Tetromino.java:139)
	at fr.eseo.e3.poo.projet.blox.modele.pieces.tetrominos.TetrominoTest$testGenerer.lambda$2(TetrominoTest.java:365)
	at org.junit.jupiter.api.AssertThrows.assertThrows(AssertThrows.java:53)
	... 7 more
]]></failure>
  </testcase>
  <testcase name="testValide" classname="fr.eseo.e3.poo.projet.blox.modele.pieces.tetrominos.TetrominoTest$testGenerer" time="0.006"/>
</testsuite>